================================================================
== Design Size Report
================================================================

* Total Instructions per Compilation Phase
+---------------+----------------------------+--------------+----------------------------------------------------------------------------------------+
| Phase         | Step                       | Instructions | Description                                                                            |
+---------------+----------------------------+--------------+----------------------------------------------------------------------------------------+
| Compile/Link  |                            |   408        | After all functions are compiled and linked into a single design                       |
|               |                            |              |                                                                                        |
| Unroll/Inline |                            |              | After user unroll and inline pragmas are applied                                       |
|               | (1) unroll                 | 1,541        | user unroll pragmas are applied                                                        |
|               | (2) simplification         | 1,270        | simplification of applied user unroll pragmas                                          |
|               | (3) inline                 | 1,192        | user inline pragmas are applied                                                        |
|               | (4) simplification         | 1,191        | simplification of applied user inline pragmas                                          |
|               |                            |              |                                                                                        |
| Array/Struct  |                            |              | After user array partition and struct aggregate/disaggregate pragmas are applied       |
|               | (1) array partition        | 1,377        | user array partition pragmas are applied                                               |
|               | (2) simplification         | 1,324        | simplification of applied user array partition & struct aggregate/disaggregate pragmas |
|               | (3) aggregate/disaggregate | 1,324        | user struct aggregate/disaggregate pragmas are applied                                 |
|               | (4) array reshape          | 1,324        | apply array reshape pragmas                                                            |
|               | (5) access patterns        | 1,494        | array access pattern optmizations                                                      |
|               |                            |              |                                                                                        |
| Performance   |                            |              | After transformations are applied to meet performance pragma targets                   |
|               | (1) loop simplification    | 1,326        | loop and instruction simplification                                                    |
|               | (2) parallelization        | 1,280        | loops are unrolled or pipelined to meet performance targets                            |
|               | (3) array partition        | 4,690        | arrays are partitioned to meet performance targets                                     |
|               | (4) simplification         | 3,577        | simplification of design after performance transformations                             |
|               |                            |              |                                                                                        |
| HW Transforms |                            |              | After hardware transfomations                                                          |
|               | (1) lowering               | 2,545        | initial conversion to HW specific instructions                                         |
|               | (2) optimizations          | 2,572        | high level synthesis optimizations                                                     |
+---------------+----------------------------+--------------+----------------------------------------------------------------------------------------+

* Instructions per Function for each Compilation Phase
+------------------------------------+------------------------+---------------+---------------+--------------+-------------+---------------+
| Function                           | Location               | Compile/Link  | Unroll/Inline | Array/Struct | Performance | HW Transforms |
+------------------------------------+------------------------+---------------+---------------+--------------+-------------+---------------+
| + ecg_fpga_top                     | ecg_fpga_top.cpp:5     | 408           | 1,191         | 1,494        | 3,577       | 2,572         |
|  + extract_light_features_40_in... | ecg_hls_layers.cpp:44  | 175           |               |              |             |               |
|     abs_i16_safe                   | ecg_hls_layers.cpp:17  |  16           |               |              |             |               |
|   + abs_diff_i16                   | ecg_hls_layers.cpp:24  |  20           |               |              |             |               |
|      clip_i16                      | ecg_hls_layers.cpp:3   |  10           |               |              |             |               |
|     clip_i16                       | ecg_hls_layers.cpp:3   |  40 (4 calls) |               |              |             |               |
|  + dense_40x24_relu_int            | ecg_hls_layers.cpp:91  |  69           |  652          |  686         | 2,567       | 1,721         |
|     q12_mul                        | ecg_hls_layers.cpp:32  |  15           |               |              |             |               |
|     clip_i16                       | ecg_hls_layers.cpp:3   |  10           |               |              |             |               |
|     relu_i16                       | ecg_hls_layers.cpp:11  |   9           |               |              |             |               |
|  + dense_24x5_linear_int           | ecg_hls_layers.cpp:110 |  63           |  398          |  391         |  607        |  420          |
|     q12_mul                        | ecg_hls_layers.cpp:32  |  15           |               |              |             |               |
|     clip_i16                       | ecg_hls_layers.cpp:3   |  10           |               |              |             |               |
|    argmax5_int                     | ecg_hls_layers.cpp:130 |  27           |               |              |             |               |
+------------------------------------+------------------------+---------------+---------------+--------------+-------------+---------------+

* Design Size Message Settings
+---------------------------------------------+--------+------------------------------------------------------------------+
| Message Setting                             | Value  | Description                                                      |
+---------------------------------------------+--------+------------------------------------------------------------------+
| config_compile -design_size_maximum_warning | 100000 | Show a warning when total design instructions exceeds this value |
+---------------------------------------------+--------+------------------------------------------------------------------+


