

================================================================
== Vitis HLS Report for 'dense_40x24_relu_int'
================================================================
* Date:           Thu Jul  2 16:39:27 2026

* Version:        2025.2 (Build 6295257 on Nov 12 2025)
* Project:        ecg_fpga_top
* Solution:       hls (Vivado IP Flow Target)
* Product family: zynq
* Target device:  xc7z020-clg400-1


================================================================
== Performance Estimates
================================================================
+ Timing: 
    * Summary: 
    +--------+----------+----------+------------+
    |  Clock |  Target  | Estimated| Uncertainty|
    +--------+----------+----------+------------+
    |ap_clk  |  10.00 ns|  7.208 ns|     2.70 ns|
    +--------+----------+----------+------------+

+ Latency: 
    * Summary: 
    +---------+---------+----------+----------+-----+-----+-------------------+
    |  Latency (cycles) |  Latency (absolute) |  Interval |      Pipeline     |
    |   min   |   max   |    min   |    max   | min | max |        Type       |
    +---------+---------+----------+----------+-----+-----+-------------------+
    |       34|       34|  0.340 us|  0.340 us|    0|    0|  loop pipeline stp|
    +---------+---------+----------+----------+-----+-----+-------------------+

    + Detail: 
        * Instance: 
        N/A

        * Loop: 
        +-------------------+---------+---------+----------+-----------+-----------+------+----------+
        |                   |  Latency (cycles) | Iteration|  Initiation Interval  | Trip |          |
        |     Loop Name     |   min   |   max   |  Latency |  achieved |   target  | Count| Pipelined|
        +-------------------+---------+---------+----------+-----------+-----------+------+----------+
        |- VITIS_LOOP_97_1  |       32|       32|        10|          1|          1|    24|       yes|
        +-------------------+---------+---------+----------+-----------+-----------+------+----------+



================================================================
== Utilization Estimates
================================================================
* Summary: 
+-----------------+---------+-----+--------+-------+-----+
|       Name      | BRAM_18K| DSP |   FF   |  LUT  | URAM|
+-----------------+---------+-----+--------+-------+-----+
|DSP              |        -|    2|       -|      -|    -|
|Expression       |        -|    -|       0|   5316|    -|
|FIFO             |        -|    -|       -|      -|    -|
|Instance         |        -|   57|       0|   5039|    -|
|Memory           |        0|    -|    1239|    205|    -|
|Multiplexer      |        -|    -|       0|   3022|    -|
|Register         |        -|    -|    4381|     32|    -|
+-----------------+---------+-----+--------+-------+-----+
|Total            |        0|   59|    5620|  13614|    0|
+-----------------+---------+-----+--------+-------+-----+
|Available        |      280|  220|  106400|  53200|    0|
+-----------------+---------+-----+--------+-------+-----+
|Utilization (%)  |        0|   26|       5|     25|    0|
+-----------------+---------+-----+--------+-------+-----+

+ Detail: 
    * Instance: 
    +----------------------------+-----------------------+---------+----+---+-----+-----+
    |          Instance          |         Module        | BRAM_18K| DSP| FF| LUT | URAM|
    +----------------------------+-----------------------+---------+----+---+-----+-----+
    |mul_10ns_12ns_21_1_1_U53    |mul_10ns_12ns_21_1_1   |        0|   1|  0|    6|    0|
    |mul_10ns_12ns_21_1_1_U61    |mul_10ns_12ns_21_1_1   |        0|   1|  0|    6|    0|
    |mul_10ns_12ns_21_1_1_U62    |mul_10ns_12ns_21_1_1   |        0|   1|  0|    6|    0|
    |mul_10ns_12ns_21_1_1_U63    |mul_10ns_12ns_21_1_1   |        0|   1|  0|    6|    0|
    |mul_10ns_12ns_21_1_1_U64    |mul_10ns_12ns_21_1_1   |        0|   1|  0|    6|    0|
    |mul_10ns_12ns_21_1_1_U65    |mul_10ns_12ns_21_1_1   |        0|   1|  0|    6|    0|
    |mul_10ns_12ns_21_1_1_U66    |mul_10ns_12ns_21_1_1   |        0|   1|  0|    6|    0|
    |mul_10ns_12ns_21_1_1_U67    |mul_10ns_12ns_21_1_1   |        0|   1|  0|    6|    0|
    |mul_10ns_12ns_21_1_1_U68    |mul_10ns_12ns_21_1_1   |        0|   1|  0|    6|    0|
    |mul_10ns_12ns_21_1_1_U69    |mul_10ns_12ns_21_1_1   |        0|   1|  0|    6|    0|
    |mul_10ns_12ns_21_1_1_U70    |mul_10ns_12ns_21_1_1   |        0|   1|  0|    6|    0|
    |mul_10s_16s_26_1_1_U130     |mul_10s_16s_26_1_1     |        0|   1|  0|    6|    0|
    |mul_10s_16s_26_1_1_U132     |mul_10s_16s_26_1_1     |        0|   1|  0|    6|    0|
    |mul_10s_16s_26_1_1_U134     |mul_10s_16s_26_1_1     |        0|   1|  0|    6|    0|
    |mul_11s_16s_27_1_1_U99      |mul_11s_16s_27_1_1     |        0|   1|  0|    6|    0|
    |mul_11s_16s_27_1_1_U125     |mul_11s_16s_27_1_1     |        0|   1|  0|    6|    0|
    |mul_11s_16s_27_1_1_U127     |mul_11s_16s_27_1_1     |        0|   1|  0|    6|    0|
    |mul_11s_16s_27_1_1_U139     |mul_11s_16s_27_1_1     |        0|   1|  0|    6|    0|
    |mul_11s_16s_27_1_1_U150     |mul_11s_16s_27_1_1     |        0|   1|  0|    6|    0|
    |mul_12s_16s_28_1_1_U98      |mul_12s_16s_28_1_1     |        0|   1|  0|    6|    0|
    |mul_12s_16s_28_1_1_U115     |mul_12s_16s_28_1_1     |        0|   1|  0|    6|    0|
    |mul_12s_16s_28_1_1_U117     |mul_12s_16s_28_1_1     |        0|   1|  0|    6|    0|
    |mul_12s_16s_28_1_1_U118     |mul_12s_16s_28_1_1     |        0|   1|  0|    6|    0|
    |mul_12s_16s_28_1_1_U119     |mul_12s_16s_28_1_1     |        0|   1|  0|    6|    0|
    |mul_12s_16s_28_1_1_U120     |mul_12s_16s_28_1_1     |        0|   1|  0|    6|    0|
    |mul_12s_16s_28_1_1_U121     |mul_12s_16s_28_1_1     |        0|   1|  0|    6|    0|
    |mul_12s_16s_28_1_1_U122     |mul_12s_16s_28_1_1     |        0|   1|  0|    6|    0|
    |mul_12s_16s_28_1_1_U123     |mul_12s_16s_28_1_1     |        0|   1|  0|    6|    0|
    |mul_12s_16s_28_1_1_U124     |mul_12s_16s_28_1_1     |        0|   1|  0|    6|    0|
    |mul_12s_16s_28_1_1_U126     |mul_12s_16s_28_1_1     |        0|   1|  0|    6|    0|
    |mul_12s_16s_28_1_1_U128     |mul_12s_16s_28_1_1     |        0|   1|  0|    6|    0|
    |mul_12s_16s_28_1_1_U129     |mul_12s_16s_28_1_1     |        0|   1|  0|    6|    0|
    |mul_12s_16s_28_1_1_U131     |mul_12s_16s_28_1_1     |        0|   1|  0|    6|    0|
    |mul_12s_16s_28_1_1_U133     |mul_12s_16s_28_1_1     |        0|   1|  0|    6|    0|
    |mul_12s_16s_28_1_1_U135     |mul_12s_16s_28_1_1     |        0|   1|  0|    6|    0|
    |mul_12s_16s_28_1_1_U136     |mul_12s_16s_28_1_1     |        0|   1|  0|    6|    0|
    |mul_12s_16s_28_1_1_U137     |mul_12s_16s_28_1_1     |        0|   1|  0|    6|    0|
    |mul_12s_16s_28_1_1_U138     |mul_12s_16s_28_1_1     |        0|   1|  0|    6|    0|
    |mul_12s_16s_28_1_1_U140     |mul_12s_16s_28_1_1     |        0|   1|  0|    6|    0|
    |mul_12s_16s_28_1_1_U142     |mul_12s_16s_28_1_1     |        0|   1|  0|    6|    0|
    |mul_12s_16s_28_1_1_U143     |mul_12s_16s_28_1_1     |        0|   1|  0|    6|    0|
    |mul_12s_16s_28_1_1_U144     |mul_12s_16s_28_1_1     |        0|   1|  0|    6|    0|
    |mul_12s_16s_28_1_1_U145     |mul_12s_16s_28_1_1     |        0|   1|  0|    6|    0|
    |mul_12s_16s_28_1_1_U146     |mul_12s_16s_28_1_1     |        0|   1|  0|    6|    0|
    |mul_12s_16s_28_1_1_U147     |mul_12s_16s_28_1_1     |        0|   1|  0|    6|    0|
    |mul_12s_16s_28_1_1_U148     |mul_12s_16s_28_1_1     |        0|   1|  0|    6|    0|
    |mul_12s_16s_28_1_1_U149     |mul_12s_16s_28_1_1     |        0|   1|  0|    6|    0|
    |mul_12s_16s_28_1_1_U151     |mul_12s_16s_28_1_1     |        0|   1|  0|    6|    0|
    |mul_12s_16s_28_1_1_U152     |mul_12s_16s_28_1_1     |        0|   1|  0|    6|    0|
    |mul_7ns_9ns_15_1_1_U71      |mul_7ns_9ns_15_1_1     |        0|   0|  0|   51|    0|
    |mul_8ns_10ns_17_1_1_U54     |mul_8ns_10ns_17_1_1    |        0|   0|  0|   63|    0|
    |mul_8ns_10ns_17_1_1_U75     |mul_8ns_10ns_17_1_1    |        0|   0|  0|   63|    0|
    |mul_9ns_11ns_19_1_1_U55     |mul_9ns_11ns_19_1_1    |        0|   1|  0|    6|    0|
    |mul_9ns_11ns_19_1_1_U56     |mul_9ns_11ns_19_1_1    |        0|   1|  0|    6|    0|
    |mul_9ns_11ns_19_1_1_U57     |mul_9ns_11ns_19_1_1    |        0|   1|  0|    6|    0|
    |mul_9ns_11ns_19_1_1_U58     |mul_9ns_11ns_19_1_1    |        0|   1|  0|    6|    0|
    |mul_9ns_11ns_19_1_1_U59     |mul_9ns_11ns_19_1_1    |        0|   1|  0|    6|    0|
    |mul_9ns_11ns_19_1_1_U60     |mul_9ns_11ns_19_1_1    |        0|   1|  0|    6|    0|
    |mul_9s_16s_25_1_1_U97       |mul_9s_16s_25_1_1      |        0|   1|  0|    6|    0|
    |mul_9s_16s_25_1_1_U141      |mul_9s_16s_25_1_1      |        0|   1|  0|    6|    0|
    |sparsemux_49_5_10_1_1_U90   |sparsemux_49_5_10_1_1  |        0|   0|  0|  113|    0|
    |sparsemux_49_5_10_1_1_U92   |sparsemux_49_5_10_1_1  |        0|   0|  0|  113|    0|
    |sparsemux_49_5_10_1_1_U94   |sparsemux_49_5_10_1_1  |        0|   0|  0|  113|    0|
    |sparsemux_49_5_11_1_1_U74   |sparsemux_49_5_11_1_1  |        0|   0|  0|  113|    0|
    |sparsemux_49_5_11_1_1_U85   |sparsemux_49_5_11_1_1  |        0|   0|  0|  113|    0|
    |sparsemux_49_5_11_1_1_U87   |sparsemux_49_5_11_1_1  |        0|   0|  0|  113|    0|
    |sparsemux_49_5_11_1_1_U102  |sparsemux_49_5_11_1_1  |        0|   0|  0|  113|    0|
    |sparsemux_49_5_11_1_1_U113  |sparsemux_49_5_11_1_1  |        0|   0|  0|  113|    0|
    |sparsemux_49_5_12_1_1_U73   |sparsemux_49_5_12_1_1  |        0|   0|  0|  113|    0|
    |sparsemux_49_5_12_1_1_U76   |sparsemux_49_5_12_1_1  |        0|   0|  0|  113|    0|
    |sparsemux_49_5_12_1_1_U77   |sparsemux_49_5_12_1_1  |        0|   0|  0|  113|    0|
    |sparsemux_49_5_12_1_1_U78   |sparsemux_49_5_12_1_1  |        0|   0|  0|  113|    0|
    |sparsemux_49_5_12_1_1_U79   |sparsemux_49_5_12_1_1  |        0|   0|  0|  113|    0|
    |sparsemux_49_5_12_1_1_U80   |sparsemux_49_5_12_1_1  |        0|   0|  0|  113|    0|
    |sparsemux_49_5_12_1_1_U81   |sparsemux_49_5_12_1_1  |        0|   0|  0|  113|    0|
    |sparsemux_49_5_12_1_1_U82   |sparsemux_49_5_12_1_1  |        0|   0|  0|  113|    0|
    |sparsemux_49_5_12_1_1_U83   |sparsemux_49_5_12_1_1  |        0|   0|  0|  113|    0|
    |sparsemux_49_5_12_1_1_U84   |sparsemux_49_5_12_1_1  |        0|   0|  0|  113|    0|
    |sparsemux_49_5_12_1_1_U86   |sparsemux_49_5_12_1_1  |        0|   0|  0|  113|    0|
    |sparsemux_49_5_12_1_1_U88   |sparsemux_49_5_12_1_1  |        0|   0|  0|  113|    0|
    |sparsemux_49_5_12_1_1_U89   |sparsemux_49_5_12_1_1  |        0|   0|  0|  113|    0|
    |sparsemux_49_5_12_1_1_U91   |sparsemux_49_5_12_1_1  |        0|   0|  0|  113|    0|
    |sparsemux_49_5_12_1_1_U93   |sparsemux_49_5_12_1_1  |        0|   0|  0|  113|    0|
    |sparsemux_49_5_12_1_1_U95   |sparsemux_49_5_12_1_1  |        0|   0|  0|  113|    0|
    |sparsemux_49_5_12_1_1_U96   |sparsemux_49_5_12_1_1  |        0|   0|  0|  113|    0|
    |sparsemux_49_5_12_1_1_U100  |sparsemux_49_5_12_1_1  |        0|   0|  0|  113|    0|
    |sparsemux_49_5_12_1_1_U101  |sparsemux_49_5_12_1_1  |        0|   0|  0|  113|    0|
    |sparsemux_49_5_12_1_1_U103  |sparsemux_49_5_12_1_1  |        0|   0|  0|  113|    0|
    |sparsemux_49_5_12_1_1_U105  |sparsemux_49_5_12_1_1  |        0|   0|  0|  113|    0|
    |sparsemux_49_5_12_1_1_U106  |sparsemux_49_5_12_1_1  |        0|   0|  0|  113|    0|
    |sparsemux_49_5_12_1_1_U107  |sparsemux_49_5_12_1_1  |        0|   0|  0|  113|    0|
    |sparsemux_49_5_12_1_1_U108  |sparsemux_49_5_12_1_1  |        0|   0|  0|  113|    0|
    |sparsemux_49_5_12_1_1_U109  |sparsemux_49_5_12_1_1  |        0|   0|  0|  113|    0|
    |sparsemux_49_5_12_1_1_U110  |sparsemux_49_5_12_1_1  |        0|   0|  0|  113|    0|
    |sparsemux_49_5_12_1_1_U111  |sparsemux_49_5_12_1_1  |        0|   0|  0|  113|    0|
    |sparsemux_49_5_12_1_1_U112  |sparsemux_49_5_12_1_1  |        0|   0|  0|  113|    0|
    |sparsemux_49_5_12_1_1_U114  |sparsemux_49_5_12_1_1  |        0|   0|  0|  113|    0|
    |sparsemux_49_5_12_1_1_U116  |sparsemux_49_5_12_1_1  |        0|   0|  0|  113|    0|
    |sparsemux_49_5_9_1_1_U72    |sparsemux_49_5_9_1_1   |        0|   0|  0|  113|    0|
    |sparsemux_49_5_9_1_1_U104   |sparsemux_49_5_9_1_1   |        0|   0|  0|  113|    0|
    +----------------------------+-----------------------+---------+----+---+-----+-----+
    |Total                       |                       |        0|  57|  0| 5039|    0|
    +----------------------------+-----------------------+---------+----+---+-----+-----+

    * DSP: 
    +------------------------------------+-------------------------------+----------------+
    |              Instance              |             Module            |   Expression   |
    +------------------------------------+-------------------------------+----------------+
    |am_addmul_5ns_7ns_9ns_17_4_1_U153   |am_addmul_5ns_7ns_9ns_17_4_1   |  (i0 + i1) * i2|
    |am_addmul_5ns_8ns_10ns_19_4_1_U154  |am_addmul_5ns_8ns_10ns_19_4_1  |  (i0 + i1) * i2|
    +------------------------------------+-------------------------------+----------------+

    * Memory: 
    +-------------------------------+--------------------------------------------------------------+---------+----+----+-----+------+-----+------+-------------+
    |             Memory            |                            Module                            | BRAM_18K| FF | LUT| URAM| Words| Bits| Banks| W*Bits*Banks|
    +-------------------------------+--------------------------------------------------------------+---------+----+----+-----+------+-----+------+-------------+
    |p_ZL18main5_dense_kernel_0_U   |dense_40x24_relu_int_p_ZL18main5_dense_kernel_0_ROM_AUTO_1R   |        0|  36|   5|    0|    24|   12|     1|          288|
    |p_ZL18main5_dense_kernel_10_U  |dense_40x24_relu_int_p_ZL18main5_dense_kernel_10_ROM_AUTO_1R  |        0|  36|   5|    0|    24|   12|     1|          288|
    |p_ZL18main5_dense_kernel_11_U  |dense_40x24_relu_int_p_ZL18main5_dense_kernel_11_ROM_AUTO_1R  |        0|  36|   5|    0|    24|   12|     1|          288|
    |p_ZL18main5_dense_kernel_12_U  |dense_40x24_relu_int_p_ZL18main5_dense_kernel_12_ROM_AUTO_1R  |        0|  33|   5|    0|    24|   11|     1|          264|
    |p_ZL18main5_dense_kernel_13_U  |dense_40x24_relu_int_p_ZL18main5_dense_kernel_13_ROM_AUTO_1R  |        0|  22|   5|    0|    24|   11|     1|          264|
    |p_ZL18main5_dense_kernel_14_U  |dense_40x24_relu_int_p_ZL18main5_dense_kernel_14_ROM_AUTO_1R  |        0|  22|   5|    0|    24|   11|     1|          264|
    |p_ZL18main5_dense_kernel_15_U  |dense_40x24_relu_int_p_ZL18main5_dense_kernel_15_ROM_AUTO_1R  |        0|  24|   5|    0|    24|   12|     1|          288|
    |p_ZL18main5_dense_kernel_16_U  |dense_40x24_relu_int_p_ZL18main5_dense_kernel_16_ROM_AUTO_1R  |        0|  22|   5|    0|    24|   11|     1|          264|
    |p_ZL18main5_dense_kernel_17_U  |dense_40x24_relu_int_p_ZL18main5_dense_kernel_17_ROM_AUTO_1R  |        0|  24|   5|    0|    24|   12|     1|          288|
    |p_ZL18main5_dense_kernel_18_U  |dense_40x24_relu_int_p_ZL18main5_dense_kernel_18_ROM_AUTO_1R  |        0|  24|   5|    0|    24|   12|     1|          288|
    |p_ZL18main5_dense_kernel_19_U  |dense_40x24_relu_int_p_ZL18main5_dense_kernel_19_ROM_AUTO_1R  |        0|  24|   5|    0|    24|   12|     1|          288|
    |p_ZL18main5_dense_kernel_1_U   |dense_40x24_relu_int_p_ZL18main5_dense_kernel_1_ROM_AUTO_1R   |        0|  33|   5|    0|    24|   11|     1|          264|
    |p_ZL18main5_dense_kernel_20_U  |dense_40x24_relu_int_p_ZL18main5_dense_kernel_20_ROM_AUTO_1R  |        0|  24|   5|    0|    24|   12|     1|          288|
    |p_ZL18main5_dense_kernel_21_U  |dense_40x24_relu_int_p_ZL18main5_dense_kernel_21_ROM_AUTO_1R  |        0|  22|   5|    0|    24|   11|     1|          264|
    |p_ZL18main5_dense_kernel_22_U  |dense_40x24_relu_int_p_ZL18main5_dense_kernel_22_ROM_AUTO_1R  |        0|  24|   5|    0|    24|   12|     1|          288|
    |p_ZL18main5_dense_kernel_23_U  |dense_40x24_relu_int_p_ZL18main5_dense_kernel_23_ROM_AUTO_1R  |        0|  24|   5|    0|    24|   12|     1|          288|
    |p_ZL18main5_dense_kernel_24_U  |dense_40x24_relu_int_p_ZL18main5_dense_kernel_24_ROM_AUTO_1R  |        0|  22|   5|    0|    24|   11|     1|          264|
    |p_ZL18main5_dense_kernel_25_U  |dense_40x24_relu_int_p_ZL18main5_dense_kernel_25_ROM_AUTO_1R  |        0|  22|   5|    0|    24|   11|     1|          264|
    |p_ZL18main5_dense_kernel_26_U  |dense_40x24_relu_int_p_ZL18main5_dense_kernel_26_ROM_AUTO_1R  |        0|  24|   5|    0|    24|   12|     1|          288|
    |p_ZL18main5_dense_kernel_27_U  |dense_40x24_relu_int_p_ZL18main5_dense_kernel_27_ROM_AUTO_1R  |        0|  24|   5|    0|    24|   12|     1|          288|
    |p_ZL18main5_dense_kernel_28_U  |dense_40x24_relu_int_p_ZL18main5_dense_kernel_28_ROM_AUTO_1R  |        0|  24|   5|    0|    24|   12|     1|          288|
    |p_ZL18main5_dense_kernel_29_U  |dense_40x24_relu_int_p_ZL18main5_dense_kernel_29_ROM_AUTO_1R  |        0|  24|   5|    0|    24|   12|     1|          288|
    |p_ZL18main5_dense_kernel_2_U   |dense_40x24_relu_int_p_ZL18main5_dense_kernel_2_ROM_AUTO_1R   |        0|  36|   5|    0|    24|   12|     1|          288|
    |p_ZL18main5_dense_kernel_30_U  |dense_40x24_relu_int_p_ZL18main5_dense_kernel_30_ROM_AUTO_1R  |        0|  33|   5|    0|    24|   11|     1|          264|
    |p_ZL18main5_dense_kernel_31_U  |dense_40x24_relu_int_p_ZL18main5_dense_kernel_31_ROM_AUTO_1R  |        0|  36|   5|    0|    24|   12|     1|          288|
    |p_ZL18main5_dense_kernel_32_U  |dense_40x24_relu_int_p_ZL18main5_dense_kernel_32_ROM_AUTO_1R  |        0|  36|   5|    0|    24|   12|     1|          288|
    |p_ZL18main5_dense_kernel_33_U  |dense_40x24_relu_int_p_ZL18main5_dense_kernel_33_ROM_AUTO_1R  |        0|  36|   5|    0|    24|   12|     1|          288|
    |p_ZL18main5_dense_kernel_34_U  |dense_40x24_relu_int_p_ZL18main5_dense_kernel_34_ROM_AUTO_1R  |        0|  36|   5|    0|    24|   12|     1|          288|
    |p_ZL18main5_dense_kernel_35_U  |dense_40x24_relu_int_p_ZL18main5_dense_kernel_35_ROM_AUTO_1R  |        0|  36|   5|    0|    24|   12|     1|          288|
    |p_ZL18main5_dense_kernel_36_U  |dense_40x24_relu_int_p_ZL18main5_dense_kernel_36_ROM_AUTO_1R  |        0|  33|   5|    0|    24|   11|     1|          264|
    |p_ZL18main5_dense_kernel_37_U  |dense_40x24_relu_int_p_ZL18main5_dense_kernel_37_ROM_AUTO_1R  |        0|  36|   5|    0|    24|   12|     1|          288|
    |p_ZL18main5_dense_kernel_38_U  |dense_40x24_relu_int_p_ZL18main5_dense_kernel_38_ROM_AUTO_1R  |        0|  33|   5|    0|    24|   11|     1|          264|
    |p_ZL18main5_dense_kernel_39_U  |dense_40x24_relu_int_p_ZL18main5_dense_kernel_39_ROM_AUTO_1R  |        0|  33|   5|    0|    24|   11|     1|          264|
    |p_ZL18main5_dense_kernel_3_U   |dense_40x24_relu_int_p_ZL18main5_dense_kernel_3_ROM_AUTO_1R   |        0|  33|   5|    0|    24|   11|     1|          264|
    |p_ZL18main5_dense_kernel_40_U  |dense_40x24_relu_int_p_ZL18main5_dense_kernel_40_ROM_AUTO_1R  |        0|  36|   5|    0|    24|   12|     1|          288|
    |p_ZL18main5_dense_kernel_4_U   |dense_40x24_relu_int_p_ZL18main5_dense_kernel_4_ROM_AUTO_1R   |        0|  36|   5|    0|    24|   12|     1|          288|
    |p_ZL18main5_dense_kernel_5_U   |dense_40x24_relu_int_p_ZL18main5_dense_kernel_5_ROM_AUTO_1R   |        0|  36|   5|    0|    24|   12|     1|          288|
    |p_ZL18main5_dense_kernel_6_U   |dense_40x24_relu_int_p_ZL18main5_dense_kernel_6_ROM_AUTO_1R   |        0|  36|   5|    0|    24|   12|     1|          288|
    |p_ZL18main5_dense_kernel_7_U   |dense_40x24_relu_int_p_ZL18main5_dense_kernel_7_ROM_AUTO_1R   |        0|  36|   5|    0|    24|   12|     1|          288|
    |p_ZL18main5_dense_kernel_8_U   |dense_40x24_relu_int_p_ZL18main5_dense_kernel_8_ROM_AUTO_1R   |        0|  36|   5|    0|    24|   12|     1|          288|
    |p_ZL18main5_dense_kernel_9_U   |dense_40x24_relu_int_p_ZL18main5_dense_kernel_9_ROM_AUTO_1R   |        0|  36|   5|    0|    24|   12|     1|          288|
    +-------------------------------+--------------------------------------------------------------+---------+----+----+-----+------+-----+------+-------------+
    |Total                          |                                                              |        0|1239| 205|    0|   984|  479|    41|        11496|
    +-------------------------------+--------------------------------------------------------------+---------+----+----+-----+------+-----+------+-------------+

    * FIFO: 
    N/A

    * Expression: 
    +-------------------------------+----------+----+---+----+------------+------------+
    |         Variable Name         | Operation| DSP| FF| LUT| Bitwidth P0| Bitwidth P1|
    +-------------------------------+----------+----+---+----+------------+------------+
    |acc_1_fu_15799_p2              |         +|   0|  0|  27|          20|          20|
    |add_ln102_10_fu_6731_p2        |         +|   0|  0|  13|          10|          10|
    |add_ln102_11_fu_6737_p2        |         +|   0|  0|  13|          10|          10|
    |add_ln102_12_fu_6743_p2        |         +|   0|  0|  13|          10|          10|
    |add_ln102_13_fu_6749_p2        |         +|   0|  0|  13|          10|          10|
    |add_ln102_14_fu_6755_p2        |         +|   0|  0|  13|          10|          10|
    |add_ln102_15_fu_6761_p2        |         +|   0|  0|  13|          10|          10|
    |add_ln102_16_fu_6799_p2        |         +|   0|  0|  14|           9|           9|
    |add_ln102_17_fu_6805_p2        |         +|   0|  0|  14|           9|           9|
    |add_ln102_18_fu_6811_p2        |         +|   0|  0|  14|           9|           9|
    |add_ln102_19_fu_6817_p2        |         +|   0|  0|  15|           8|           8|
    |add_ln102_1_fu_7273_p2         |         +|   0|  0|  14|           7|           7|
    |add_ln102_3_fu_6878_p2         |         +|   0|  0|  15|           8|           8|
    |add_ln102_5_fu_6701_p2         |         +|   0|  0|  14|           9|           9|
    |add_ln102_6_fu_6707_p2         |         +|   0|  0|  14|           9|           9|
    |add_ln102_7_fu_6713_p2         |         +|   0|  0|  14|           9|           9|
    |add_ln102_8_fu_6719_p2         |         +|   0|  0|  15|           8|           8|
    |add_ln102_9_fu_6725_p2         |         +|   0|  0|  15|           8|           8|
    |add_ln102_fu_8071_p2           |         +|   0|  0|  14|           6|           5|
    |add_ln103_10_fu_14933_p2       |         +|   0|  0|  23|          16|          16|
    |add_ln103_11_fu_15566_p2       |         +|   0|  0|  17|          17|          17|
    |add_ln103_12_fu_15572_p2       |         +|   0|  0|  17|          17|          17|
    |add_ln103_13_fu_14939_p2       |         +|   0|  0|  23|          16|          16|
    |add_ln103_14_fu_15581_p2       |         +|   0|  0|  16|          16|          16|
    |add_ln103_15_fu_15587_p2       |         +|   0|  0|  16|          16|          16|
    |add_ln103_16_fu_15597_p2       |         +|   0|  0|  24|          17|          17|
    |add_ln103_17_fu_15692_p2       |         +|   0|  0|  25|          18|          18|
    |add_ln103_18_fu_15707_p2       |         +|   0|  0|  26|          19|          19|
    |add_ln103_19_fu_15603_p2       |         +|   0|  0|  23|          16|          16|
    |add_ln103_1_fu_14903_p2        |         +|   0|  0|  23|          16|          16|
    |add_ln103_20_fu_15609_p2       |         +|   0|  0|  23|          16|          16|
    |add_ln103_21_fu_15723_p2       |         +|   0|  0|  17|          17|          17|
    |add_ln103_22_fu_15729_p2       |         +|   0|  0|  17|          17|          17|
    |add_ln103_23_fu_15615_p2       |         +|   0|  0|  23|          16|          16|
    |add_ln103_24_fu_15621_p2       |         +|   0|  0|  23|          16|          16|
    |add_ln103_25_fu_15745_p2       |         +|   0|  0|  17|          17|          17|
    |add_ln103_26_fu_15751_p2       |         +|   0|  0|  17|          17|          17|
    |add_ln103_27_fu_15761_p2       |         +|   0|  0|  25|          18|          18|
    |add_ln103_28_fu_14945_p2       |         +|   0|  0|  23|          16|          16|
    |add_ln103_29_fu_14951_p2       |         +|   0|  0|  23|          16|          16|
    |add_ln103_2_fu_15522_p2        |         +|   0|  0|  17|          17|          17|
    |add_ln103_30_fu_15633_p2       |         +|   0|  0|  17|          17|          17|
    |add_ln103_31_fu_15639_p2       |         +|   0|  0|  17|          17|          17|
    |add_ln103_32_fu_14957_p2       |         +|   0|  0|  23|          16|          16|
    |add_ln103_33_fu_14963_p2       |         +|   0|  0|  23|          16|          16|
    |add_ln103_34_fu_15655_p2       |         +|   0|  0|  17|          17|          17|
    |add_ln103_35_fu_15661_p2       |         +|   0|  0|  17|          17|          17|
    |add_ln103_36_fu_15671_p2       |         +|   0|  0|  25|          18|          18|
    |add_ln103_37_fu_15780_p2       |         +|   0|  0|  26|          19|          19|
    |add_ln103_39_fu_15702_p2       |         +|   0|  0|  25|          18|          18|
    |add_ln103_3_fu_15528_p2        |         +|   0|  0|  17|          17|          17|
    |add_ln103_40_fu_15776_p2       |         +|   0|  0|  25|          18|          18|
    |add_ln103_4_fu_14909_p2        |         +|   0|  0|  23|          16|          16|
    |add_ln103_5_fu_14915_p2        |         +|   0|  0|  16|          16|          16|
    |add_ln103_6_fu_14921_p2        |         +|   0|  0|  16|          16|          16|
    |add_ln103_7_fu_15544_p2        |         +|   0|  0|  24|          17|          17|
    |add_ln103_8_fu_15554_p2        |         +|   0|  0|  25|          18|          18|
    |add_ln103_9_fu_14927_p2        |         +|   0|  0|  23|          16|          16|
    |add_ln103_fu_14897_p2          |         +|   0|  0|  20|          15|          15|
    |add_ln38_10_fu_15447_p2        |         +|   0|  0|  34|          27|          12|
    |add_ln38_11_fu_13553_p2        |         +|   0|  0|  34|          27|          12|
    |add_ln38_12_fu_13608_p2        |         +|   0|  0|  34|          27|          12|
    |add_ln38_13_fu_13656_p2        |         +|   0|  0|  34|          27|          12|
    |add_ln38_14_fu_13706_p2        |         +|   0|  0|  34|          27|          12|
    |add_ln38_15_fu_13761_p2        |         +|   0|  0|  34|          27|          12|
    |add_ln38_16_fu_13816_p2        |         +|   0|  0|  34|          27|          12|
    |add_ln38_17_fu_13871_p2        |         +|   0|  0|  34|          27|          12|
    |add_ln38_18_fu_13919_p2        |         +|   0|  0|  34|          27|          12|
    |add_ln38_19_fu_13969_p2        |         +|   0|  0|  33|          26|          12|
    |add_ln38_1_fu_15031_p2         |         +|   0|  0|  34|          27|          12|
    |add_ln38_20_fu_14024_p2        |         +|   0|  0|  34|          27|          12|
    |add_ln38_21_fu_14072_p2        |         +|   0|  0|  33|          26|          12|
    |add_ln38_22_fu_14122_p2        |         +|   0|  0|  34|          27|          12|
    |add_ln38_23_fu_14177_p2        |         +|   0|  0|  34|          27|          12|
    |add_ln38_24_fu_14232_p2        |         +|   0|  0|  32|          25|          12|
    |add_ln38_25_fu_14287_p2        |         +|   0|  0|  34|          27|          12|
    |add_ln38_26_fu_14335_p2        |         +|   0|  0|  32|          25|          12|
    |add_ln38_27_fu_14378_p2        |         +|   0|  0|  34|          27|          12|
    |add_ln38_28_fu_14421_p2        |         +|   0|  0|  32|          25|          12|
    |add_ln38_29_fu_14471_p2        |         +|   0|  0|  34|          27|          12|
    |add_ln38_2_fu_15086_p2         |         +|   0|  0|  34|          27|          12|
    |add_ln38_30_fu_14526_p2        |         +|   0|  0|  34|          27|          12|
    |add_ln38_31_fu_13146_p2        |         +|   0|  0|  31|          24|          12|
    |add_ln38_32_fu_13189_p2        |         +|   0|  0|  34|          27|          12|
    |add_ln38_33_fu_13232_p2        |         +|   0|  0|  33|          26|          12|
    |add_ln38_34_fu_14590_p2        |         +|   0|  0|  34|          27|          12|
    |add_ln38_35_fu_14645_p2        |         +|   0|  0|  34|          27|          12|
    |add_ln38_36_fu_14693_p2        |         +|   0|  0|  33|          26|          12|
    |add_ln38_37_fu_14743_p2        |         +|   0|  0|  34|          27|          12|
    |add_ln38_38_fu_14794_p2        |         +|   0|  0|  31|          24|          12|
    |add_ln38_39_fu_14849_p2        |         +|   0|  0|  34|          27|          12|
    |add_ln38_3_fu_15134_p2         |         +|   0|  0|  34|          27|          12|
    |add_ln38_4_fu_15184_p2         |         +|   0|  0|  34|          27|          12|
    |add_ln38_5_fu_15239_p2         |         +|   0|  0|  34|          27|          12|
    |add_ln38_6_fu_15294_p2         |         +|   0|  0|  34|          27|          12|
    |add_ln38_7_fu_15349_p2         |         +|   0|  0|  33|          26|          12|
    |add_ln38_8_fu_15397_p2         |         +|   0|  0|  34|          27|          12|
    |add_ln38_9_fu_13486_p2         |         +|   0|  0|  34|          27|          12|
    |add_ln38_fu_14976_p2           |         +|   0|  0|  34|          27|          12|
    |add_ln8_fu_15794_p2            |         +|   0|  0|  23|          16|          16|
    |add_ln97_fu_6683_p2            |         +|   0|  0|  13|           5|           1|
    |sub_ln40_10_fu_15254_p2        |         -|   0|  0|  34|          12|          27|
    |sub_ln40_11_fu_15269_p2        |         -|   0|  0|  20|           1|          15|
    |sub_ln40_12_fu_15309_p2        |         -|   0|  0|  34|          12|          27|
    |sub_ln40_13_fu_15324_p2        |         -|   0|  0|  20|           1|          15|
    |sub_ln40_14_fu_15364_p2        |         -|   0|  0|  33|          12|          26|
    |sub_ln40_15_fu_15379_p2        |         -|   0|  0|  17|           1|          14|
    |sub_ln40_16_fu_15412_p2        |         -|   0|  0|  34|          12|          27|
    |sub_ln40_17_fu_15427_p2        |         -|   0|  0|  20|           1|          15|
    |sub_ln40_18_fu_13501_p2        |         -|   0|  0|  34|          12|          27|
    |sub_ln40_19_fu_13516_p2        |         -|   0|  0|  20|           1|          15|
    |sub_ln40_1_fu_15006_p2         |         -|   0|  0|  20|           1|          15|
    |sub_ln40_20_fu_15462_p2        |         -|   0|  0|  34|          12|          27|
    |sub_ln40_21_fu_15477_p2        |         -|   0|  0|  20|           1|          15|
    |sub_ln40_22_fu_13568_p2        |         -|   0|  0|  34|          12|          27|
    |sub_ln40_23_fu_13583_p2        |         -|   0|  0|  20|           1|          15|
    |sub_ln40_24_fu_13623_p2        |         -|   0|  0|  34|          12|          27|
    |sub_ln40_25_fu_13638_p2        |         -|   0|  0|  20|           1|          15|
    |sub_ln40_26_fu_13671_p2        |         -|   0|  0|  34|          12|          27|
    |sub_ln40_27_fu_13686_p2        |         -|   0|  0|  20|           1|          15|
    |sub_ln40_28_fu_13721_p2        |         -|   0|  0|  34|          12|          27|
    |sub_ln40_29_fu_13736_p2        |         -|   0|  0|  20|           1|          15|
    |sub_ln40_2_fu_15046_p2         |         -|   0|  0|  34|          12|          27|
    |sub_ln40_30_fu_13776_p2        |         -|   0|  0|  34|          12|          27|
    |sub_ln40_31_fu_13791_p2        |         -|   0|  0|  20|           1|          15|
    |sub_ln40_32_fu_13831_p2        |         -|   0|  0|  34|          12|          27|
    |sub_ln40_33_fu_13846_p2        |         -|   0|  0|  20|           1|          15|
    |sub_ln40_34_fu_13886_p2        |         -|   0|  0|  34|          12|          27|
    |sub_ln40_35_fu_13901_p2        |         -|   0|  0|  20|           1|          15|
    |sub_ln40_36_fu_13934_p2        |         -|   0|  0|  34|          12|          27|
    |sub_ln40_37_fu_13949_p2        |         -|   0|  0|  20|           1|          15|
    |sub_ln40_38_fu_13984_p2        |         -|   0|  0|  33|          12|          26|
    |sub_ln40_39_fu_13999_p2        |         -|   0|  0|  17|           1|          14|
    |sub_ln40_3_fu_15061_p2         |         -|   0|  0|  20|           1|          15|
    |sub_ln40_40_fu_14039_p2        |         -|   0|  0|  34|          12|          27|
    |sub_ln40_41_fu_14054_p2        |         -|   0|  0|  20|           1|          15|
    |sub_ln40_42_fu_14087_p2        |         -|   0|  0|  33|          12|          26|
    |sub_ln40_43_fu_14102_p2        |         -|   0|  0|  17|           1|          14|
    |sub_ln40_44_fu_14137_p2        |         -|   0|  0|  34|          12|          27|
    |sub_ln40_45_fu_14152_p2        |         -|   0|  0|  20|           1|          15|
    |sub_ln40_46_fu_14192_p2        |         -|   0|  0|  34|          12|          27|
    |sub_ln40_47_fu_14207_p2        |         -|   0|  0|  20|           1|          15|
    |sub_ln40_48_fu_14247_p2        |         -|   0|  0|  32|          12|          25|
    |sub_ln40_49_fu_14262_p2        |         -|   0|  0|  14|           1|          13|
    |sub_ln40_4_fu_15101_p2         |         -|   0|  0|  34|          12|          27|
    |sub_ln40_50_fu_14302_p2        |         -|   0|  0|  34|          12|          27|
    |sub_ln40_51_fu_14317_p2        |         -|   0|  0|  20|           1|          15|
    |sub_ln40_52_fu_14350_p2        |         -|   0|  0|  32|          12|          25|
    |sub_ln40_53_fu_14365_p2        |         -|   0|  0|  14|           1|          13|
    |sub_ln40_54_fu_14393_p2        |         -|   0|  0|  34|          12|          27|
    |sub_ln40_55_fu_14408_p2        |         -|   0|  0|  20|           1|          15|
    |sub_ln40_56_fu_14436_p2        |         -|   0|  0|  32|          12|          25|
    |sub_ln40_57_fu_14451_p2        |         -|   0|  0|  14|           1|          13|
    |sub_ln40_58_fu_14486_p2        |         -|   0|  0|  34|          12|          27|
    |sub_ln40_59_fu_14501_p2        |         -|   0|  0|  20|           1|          15|
    |sub_ln40_5_fu_15116_p2         |         -|   0|  0|  20|           1|          15|
    |sub_ln40_60_fu_14541_p2        |         -|   0|  0|  34|          12|          27|
    |sub_ln40_61_fu_14556_p2        |         -|   0|  0|  20|           1|          15|
    |sub_ln40_62_fu_13161_p2        |         -|   0|  0|  31|          12|          24|
    |sub_ln40_63_fu_13176_p2        |         -|   0|  0|  12|           1|          12|
    |sub_ln40_64_fu_13204_p2        |         -|   0|  0|  34|          12|          27|
    |sub_ln40_65_fu_13219_p2        |         -|   0|  0|  20|           1|          15|
    |sub_ln40_66_fu_13247_p2        |         -|   0|  0|  33|          12|          26|
    |sub_ln40_67_fu_13262_p2        |         -|   0|  0|  17|           1|          14|
    |sub_ln40_68_fu_14605_p2        |         -|   0|  0|  34|          12|          27|
    |sub_ln40_69_fu_14620_p2        |         -|   0|  0|  20|           1|          15|
    |sub_ln40_6_fu_15149_p2         |         -|   0|  0|  34|          12|          27|
    |sub_ln40_70_fu_14660_p2        |         -|   0|  0|  34|          12|          27|
    |sub_ln40_71_fu_14675_p2        |         -|   0|  0|  20|           1|          15|
    |sub_ln40_72_fu_14708_p2        |         -|   0|  0|  33|          12|          26|
    |sub_ln40_73_fu_14723_p2        |         -|   0|  0|  17|           1|          14|
    |sub_ln40_74_fu_14758_p2        |         -|   0|  0|  34|          12|          27|
    |sub_ln40_75_fu_14773_p2        |         -|   0|  0|  20|           1|          15|
    |sub_ln40_76_fu_14809_p2        |         -|   0|  0|  31|          12|          24|
    |sub_ln40_77_fu_14824_p2        |         -|   0|  0|  12|           1|          12|
    |sub_ln40_78_fu_14864_p2        |         -|   0|  0|  34|          12|          27|
    |sub_ln40_79_fu_14879_p2        |         -|   0|  0|  20|           1|          15|
    |sub_ln40_7_fu_15164_p2         |         -|   0|  0|  20|           1|          15|
    |sub_ln40_8_fu_15199_p2         |         -|   0|  0|  34|          12|          27|
    |sub_ln40_9_fu_15214_p2         |         -|   0|  0|  20|           1|          15|
    |sub_ln40_fu_14991_p2           |         -|   0|  0|  34|          12|          27|
    |ap_predicate_pred2960_state10  |       and|   0|  0|   2|           1|           1|
    |icmp_ln102_fu_8077_p2          |      icmp|   0|  0|  14|           6|           6|
    |icmp_ln14_fu_15849_p2          |      icmp|   0|  0|  23|          16|           1|
    |icmp_ln6_fu_15815_p2           |      icmp|   0|  0|  13|           5|           1|
    |icmp_ln7_fu_15821_p2           |      icmp|   0|  0|  27|          20|          17|
    |icmp_ln97_fu_6677_p2           |      icmp|   0|  0|  13|           5|           5|
    |or_ln6_fu_15834_p2             |        or|   0|  0|   2|           1|           1|
    |acc_fu_15012_p3                |    select|   0|  0|  15|           1|          15|
    |select_ln102_fu_8083_p3        |    select|   0|  0|   2|           1|           1|
    |select_ln14_fu_15855_p3        |    select|   0|  0|  15|           1|          15|
    |select_ln37_10_fu_13589_p3     |    select|   0|  0|  15|           1|          15|
    |select_ln37_11_fu_13644_p3     |    select|   0|  0|  15|           1|          15|
    |select_ln37_12_fu_13692_p3     |    select|   0|  0|  15|           1|          15|
    |select_ln37_13_fu_13742_p3     |    select|   0|  0|  15|           1|          15|
    |select_ln37_14_fu_13797_p3     |    select|   0|  0|  15|           1|          15|
    |select_ln37_15_fu_13852_p3     |    select|   0|  0|  15|           1|          15|
    |select_ln37_16_fu_13907_p3     |    select|   0|  0|  15|           1|          15|
    |select_ln37_17_fu_13955_p3     |    select|   0|  0|  15|           1|          15|
    |select_ln37_18_fu_14005_p3     |    select|   0|  0|  14|           1|          14|
    |select_ln37_19_fu_14060_p3     |    select|   0|  0|  15|           1|          15|
    |select_ln37_1_fu_15122_p3      |    select|   0|  0|  15|           1|          15|
    |select_ln37_20_fu_14108_p3     |    select|   0|  0|  14|           1|          14|
    |select_ln37_21_fu_14158_p3     |    select|   0|  0|  15|           1|          15|
    |select_ln37_22_fu_14213_p3     |    select|   0|  0|  15|           1|          15|
    |select_ln37_23_fu_14268_p3     |    select|   0|  0|  13|           1|          13|
    |select_ln37_24_fu_14323_p3     |    select|   0|  0|  15|           1|          15|
    |select_ln37_25_fu_14371_p3     |    select|   0|  0|  13|           1|          13|
    |select_ln37_26_fu_14414_p3     |    select|   0|  0|  15|           1|          15|
    |select_ln37_27_fu_14457_p3     |    select|   0|  0|  13|           1|          13|
    |select_ln37_28_fu_14507_p3     |    select|   0|  0|  15|           1|          15|
    |select_ln37_29_fu_14562_p3     |    select|   0|  0|  15|           1|          15|
    |select_ln37_2_fu_15170_p3      |    select|   0|  0|  15|           1|          15|
    |select_ln37_30_fu_13182_p3     |    select|   0|  0|  12|           1|          12|
    |select_ln37_31_fu_13225_p3     |    select|   0|  0|  15|           1|          15|
    |select_ln37_32_fu_13268_p3     |    select|   0|  0|  14|           1|          14|
    |select_ln37_33_fu_14626_p3     |    select|   0|  0|  15|           1|          15|
    |select_ln37_34_fu_14681_p3     |    select|   0|  0|  15|           1|          15|
    |select_ln37_35_fu_14729_p3     |    select|   0|  0|  14|           1|          14|
    |select_ln37_36_fu_14779_p3     |    select|   0|  0|  15|           1|          15|
    |select_ln37_37_fu_14830_p3     |    select|   0|  0|  12|           1|          12|
    |select_ln37_38_fu_14885_p3     |    select|   0|  0|  15|           1|          15|
    |select_ln37_3_fu_15220_p3      |    select|   0|  0|  15|           1|          15|
    |select_ln37_4_fu_15275_p3      |    select|   0|  0|  15|           1|          15|
    |select_ln37_5_fu_15330_p3      |    select|   0|  0|  15|           1|          15|
    |select_ln37_6_fu_15385_p3      |    select|   0|  0|  14|           1|          14|
    |select_ln37_7_fu_15433_p3      |    select|   0|  0|  15|           1|          15|
    |select_ln37_8_fu_13522_p3      |    select|   0|  0|  15|           1|          15|
    |select_ln37_9_fu_15483_p3      |    select|   0|  0|  15|           1|          15|
    |select_ln37_fu_15067_p3        |    select|   0|  0|  15|           1|          15|
    |select_ln6_3_fu_15838_p3       |    select|   0|  0|  16|           1|          16|
    |select_ln6_fu_15827_p3         |    select|   0|  0|  17|           1|          15|
    |ap_enable_pp0                  |       xor|   0|  0|   2|           1|           2|
    +-------------------------------+----------+----+---+----+------------+------------+
    |Total                          |          |   0|  0|5316|        2553|        3656|
    +-------------------------------+----------+----+---+----+------------+------------+

    * Multiplexer: 
    +--------------------------------------------+----+-----------+-----+-----------+
    |                    Name                    | LUT| Input Size| Bits| Total Bits|
    +--------------------------------------------+----+-----------+-----+-----------+
    |ap_done_int                                 |   9|          2|    1|          2|
    |ap_enable_reg_pp0_iter1                     |   9|          2|    1|          2|
    |ap_sig_allocacmp_j_1                        |   9|          2|    5|         10|
    |j_fu_1216                                   |   9|          2|    5|         10|
    |p_ZL18main5_dense_kernel_0_address0_local   |  37|          7|    5|         35|
    |p_ZL18main5_dense_kernel_0_address1_local   |  81|         17|    5|         85|
    |p_ZL18main5_dense_kernel_10_address0_local  |  25|          5|    5|         25|
    |p_ZL18main5_dense_kernel_10_address1_local  |  48|          9|    5|         45|
    |p_ZL18main5_dense_kernel_11_address0_local  |  20|          4|    5|         20|
    |p_ZL18main5_dense_kernel_11_address1_local  |  48|          9|    5|         45|
    |p_ZL18main5_dense_kernel_12_address0_local  |  20|          4|    5|         20|
    |p_ZL18main5_dense_kernel_12_address1_local  |  42|          8|    5|         40|
    |p_ZL18main5_dense_kernel_13_address0_local  |  20|          4|    5|         20|
    |p_ZL18main5_dense_kernel_13_address1_local  |  42|          8|    5|         40|
    |p_ZL18main5_dense_kernel_14_address0_local  |  14|          3|    5|         15|
    |p_ZL18main5_dense_kernel_14_address1_local  |  42|          8|    5|         40|
    |p_ZL18main5_dense_kernel_15_address0_local  |  14|          3|    5|         15|
    |p_ZL18main5_dense_kernel_15_address1_local  |  37|          7|    5|         35|
    |p_ZL18main5_dense_kernel_16_address0_local  |  14|          3|    5|         15|
    |p_ZL18main5_dense_kernel_16_address1_local  |  31|          6|    5|         30|
    |p_ZL18main5_dense_kernel_17_address0_local  |  14|          3|    5|         15|
    |p_ZL18main5_dense_kernel_17_address1_local  |  25|          5|    5|         25|
    |p_ZL18main5_dense_kernel_18_address1_local  |  31|          6|    5|         30|
    |p_ZL18main5_dense_kernel_19_address1_local  |  31|          6|    5|         30|
    |p_ZL18main5_dense_kernel_1_address0_local   |  37|          7|    5|         35|
    |p_ZL18main5_dense_kernel_1_address1_local   |  65|         16|    5|         80|
    |p_ZL18main5_dense_kernel_20_address1_local  |  31|          6|    5|         30|
    |p_ZL18main5_dense_kernel_21_address1_local  |  31|          6|    5|         30|
    |p_ZL18main5_dense_kernel_22_address1_local  |  31|          6|    5|         30|
    |p_ZL18main5_dense_kernel_23_address1_local  |  31|          6|    5|         30|
    |p_ZL18main5_dense_kernel_24_address0_local  |  14|          3|    5|         15|
    |p_ZL18main5_dense_kernel_24_address1_local  |  31|          6|    5|         30|
    |p_ZL18main5_dense_kernel_25_address0_local  |  14|          3|    5|         15|
    |p_ZL18main5_dense_kernel_25_address1_local  |  37|          7|    5|         35|
    |p_ZL18main5_dense_kernel_26_address0_local  |  14|          3|    5|         15|
    |p_ZL18main5_dense_kernel_26_address1_local  |  42|          8|    5|         40|
    |p_ZL18main5_dense_kernel_27_address0_local  |  14|          3|    5|         15|
    |p_ZL18main5_dense_kernel_27_address1_local  |  48|          9|    5|         45|
    |p_ZL18main5_dense_kernel_28_address0_local  |  20|          4|    5|         20|
    |p_ZL18main5_dense_kernel_28_address1_local  |  48|          9|    5|         45|
    |p_ZL18main5_dense_kernel_29_address0_local  |  20|          4|    5|         20|
    |p_ZL18main5_dense_kernel_29_address1_local  |  53|         10|    5|         50|
    |p_ZL18main5_dense_kernel_2_address0_local   |  37|          7|    5|         35|
    |p_ZL18main5_dense_kernel_2_address1_local   |  65|         15|    5|         75|
    |p_ZL18main5_dense_kernel_30_address0_local  |  20|          4|    5|         20|
    |p_ZL18main5_dense_kernel_30_address1_local  |  53|         10|    5|         50|
    |p_ZL18main5_dense_kernel_31_address0_local  |  25|          5|    5|         25|
    |p_ZL18main5_dense_kernel_31_address1_local  |  53|         10|    5|         50|
    |p_ZL18main5_dense_kernel_32_address0_local  |  25|          5|    5|         25|
    |p_ZL18main5_dense_kernel_32_address1_local  |  59|         11|    5|         55|
    |p_ZL18main5_dense_kernel_33_address0_local  |  25|          5|    5|         25|
    |p_ZL18main5_dense_kernel_33_address1_local  |  65|         12|    5|         60|
    |p_ZL18main5_dense_kernel_34_address0_local  |  25|          5|    5|         25|
    |p_ZL18main5_dense_kernel_34_address1_local  |  65|         13|    5|         65|
    |p_ZL18main5_dense_kernel_35_address0_local  |  31|          6|    5|         30|
    |p_ZL18main5_dense_kernel_35_address1_local  |  65|         13|    5|         65|
    |p_ZL18main5_dense_kernel_36_address0_local  |  31|          6|    5|         30|
    |p_ZL18main5_dense_kernel_36_address1_local  |  65|         14|    5|         70|
    |p_ZL18main5_dense_kernel_37_address0_local  |  31|          6|    5|         30|
    |p_ZL18main5_dense_kernel_37_address1_local  |  65|         15|    5|         75|
    |p_ZL18main5_dense_kernel_38_address0_local  |  37|          7|    5|         35|
    |p_ZL18main5_dense_kernel_38_address1_local  |  65|         15|    5|         75|
    |p_ZL18main5_dense_kernel_39_address0_local  |  37|          7|    5|         35|
    |p_ZL18main5_dense_kernel_39_address1_local  |  65|         16|    5|         80|
    |p_ZL18main5_dense_kernel_3_address0_local   |  37|          7|    5|         35|
    |p_ZL18main5_dense_kernel_3_address1_local   |  65|         14|    5|         70|
    |p_ZL18main5_dense_kernel_40_address0_local  |  37|          7|    5|         35|
    |p_ZL18main5_dense_kernel_40_address1_local  |  81|         17|    5|         85|
    |p_ZL18main5_dense_kernel_4_address0_local   |  31|          6|    5|         30|
    |p_ZL18main5_dense_kernel_4_address1_local   |  65|         14|    5|         70|
    |p_ZL18main5_dense_kernel_5_address0_local   |  31|          6|    5|         30|
    |p_ZL18main5_dense_kernel_5_address1_local   |  65|         13|    5|         65|
    |p_ZL18main5_dense_kernel_6_address0_local   |  31|          6|    5|         30|
    |p_ZL18main5_dense_kernel_6_address1_local   |  65|         12|    5|         60|
    |p_ZL18main5_dense_kernel_7_address0_local   |  25|          5|    5|         25|
    |p_ZL18main5_dense_kernel_7_address1_local   |  65|         12|    5|         60|
    |p_ZL18main5_dense_kernel_8_address0_local   |  25|          5|    5|         25|
    |p_ZL18main5_dense_kernel_8_address1_local   |  59|         11|    5|         55|
    |p_ZL18main5_dense_kernel_9_address0_local   |  25|          5|    5|         25|
    |p_ZL18main5_dense_kernel_9_address1_local   |  53|         10|    5|         50|
    +--------------------------------------------+----+-----------+-----+-----------+
    |Total                                       |3022|        606|  392|       3014|
    +--------------------------------------------+----+-----------+-----+-----------+

    * Register: 
    +--------------------------------------+----+----+-----+-----------+
    |                 Name                 | FF | LUT| Bits| Const Bits|
    +--------------------------------------+----+----+-----+-----------+
    |add_ln102_10_reg_16193                |  10|   0|   10|          0|
    |add_ln102_11_reg_16198                |  10|   0|   10|          0|
    |add_ln102_12_reg_16203                |  10|   0|   10|          0|
    |add_ln102_13_reg_16208                |  10|   0|   10|          0|
    |add_ln102_14_reg_16213                |  10|   0|   10|          0|
    |add_ln102_15_reg_16218                |  10|   0|   10|          0|
    |add_ln102_16_reg_16228                |   9|   0|    9|          0|
    |add_ln102_17_reg_16233                |   9|   0|    9|          0|
    |add_ln102_18_reg_16238                |   9|   0|    9|          0|
    |add_ln102_19_reg_16243                |   8|   0|    8|          0|
    |add_ln102_5_reg_16168                 |   9|   0|    9|          0|
    |add_ln102_6_reg_16173                 |   9|   0|    9|          0|
    |add_ln102_7_reg_16178                 |   9|   0|    9|          0|
    |add_ln102_8_reg_16183                 |   8|   0|    8|          0|
    |add_ln102_9_reg_16188                 |   8|   0|    8|          0|
    |add_ln103_10_reg_19813                |  16|   0|   16|          0|
    |add_ln103_12_reg_19859                |  17|   0|   17|          0|
    |add_ln103_13_reg_19818                |  16|   0|   16|          0|
    |add_ln103_16_reg_19864                |  17|   0|   17|          0|
    |add_ln103_18_reg_19895                |  19|   0|   19|          0|
    |add_ln103_19_reg_19869                |  16|   0|   16|          0|
    |add_ln103_1_reg_19793                 |  16|   0|   16|          0|
    |add_ln103_20_reg_19874                |  16|   0|   16|          0|
    |add_ln103_23_reg_19879                |  16|   0|   16|          0|
    |add_ln103_24_reg_19884                |  16|   0|   16|          0|
    |add_ln103_27_reg_19905                |  18|   0|   18|          0|
    |add_ln103_28_reg_19823                |  16|   0|   16|          0|
    |add_ln103_29_reg_19828                |  16|   0|   16|          0|
    |add_ln103_32_reg_19833                |  16|   0|   16|          0|
    |add_ln103_33_reg_19838                |  16|   0|   16|          0|
    |add_ln103_36_reg_19889                |  18|   0|   18|          0|
    |add_ln103_36_reg_19889_pp0_iter7_reg  |  18|   0|   18|          0|
    |add_ln103_4_reg_19798                 |  16|   0|   16|          0|
    |add_ln103_6_reg_19803                 |  16|   0|   16|          0|
    |add_ln103_8_reg_19853                 |  18|   0|   18|          0|
    |add_ln103_9_reg_19808                 |  16|   0|   16|          0|
    |add_ln103_reg_19788                   |  15|   0|   15|          0|
    |add_ln8_reg_19911                     |  16|   0|   16|          0|
    |ap_CS_fsm                             |   1|   0|    1|          0|
    |ap_done_reg                           |   1|   0|    1|          0|
    |ap_enable_reg_pp0_iter1               |   1|   0|    1|          0|
    |ap_enable_reg_pp0_iter2               |   1|   0|    1|          0|
    |ap_enable_reg_pp0_iter3               |   1|   0|    1|          0|
    |ap_enable_reg_pp0_iter4               |   1|   0|    1|          0|
    |ap_enable_reg_pp0_iter5               |   1|   0|    1|          0|
    |ap_enable_reg_pp0_iter6               |   1|   0|    1|          0|
    |ap_enable_reg_pp0_iter7               |   1|   0|    1|          0|
    |ap_enable_reg_pp0_iter8               |   1|   0|    1|          0|
    |ap_enable_reg_pp0_iter9               |   1|   0|    1|          0|
    |ap_loop_exit_ready_pp0_iter1_reg      |   1|   0|    1|          0|
    |ap_loop_exit_ready_pp0_iter2_reg      |   1|   0|    1|          0|
    |ap_loop_exit_ready_pp0_iter3_reg      |   1|   0|    1|          0|
    |ap_loop_exit_ready_pp0_iter4_reg      |   1|   0|    1|          0|
    |ap_loop_exit_ready_pp0_iter5_reg      |   1|   0|    1|          0|
    |ap_loop_exit_ready_pp0_iter6_reg      |   1|   0|    1|          0|
    |ap_loop_exit_ready_pp0_iter7_reg      |   1|   0|    1|          0|
    |ap_loop_exit_ready_pp0_iter8_reg      |   1|   0|    1|          0|
    |ap_predicate_pred2474_state3          |   1|   0|    1|          0|
    |ap_predicate_pred2477_state3          |   1|   0|    1|          0|
    |ap_predicate_pred2480_state3          |   1|   0|    1|          0|
    |ap_predicate_pred2483_state3          |   1|   0|    1|          0|
    |ap_predicate_pred2486_state3          |   1|   0|    1|          0|
    |ap_predicate_pred2489_state3          |   1|   0|    1|          0|
    |ap_predicate_pred2492_state3          |   1|   0|    1|          0|
    |ap_predicate_pred2495_state3          |   1|   0|    1|          0|
    |ap_predicate_pred2498_state3          |   1|   0|    1|          0|
    |ap_predicate_pred2501_state3          |   1|   0|    1|          0|
    |ap_predicate_pred2504_state3          |   1|   0|    1|          0|
    |ap_predicate_pred2507_state3          |   1|   0|    1|          0|
    |ap_predicate_pred2510_state3          |   1|   0|    1|          0|
    |ap_predicate_pred2513_state3          |   1|   0|    1|          0|
    |ap_predicate_pred2516_state3          |   1|   0|    1|          0|
    |ap_predicate_pred2519_state3          |   1|   0|    1|          0|
    |ap_predicate_pred2522_state3          |   1|   0|    1|          0|
    |ap_predicate_pred2525_state3          |   1|   0|    1|          0|
    |ap_predicate_pred2528_state3          |   1|   0|    1|          0|
    |ap_predicate_pred2531_state3          |   1|   0|    1|          0|
    |ap_predicate_pred2534_state3          |   1|   0|    1|          0|
    |ap_predicate_pred2537_state3          |   1|   0|    1|          0|
    |ap_predicate_pred2540_state3          |   1|   0|    1|          0|
    |ap_predicate_pred2543_state3          |   1|   0|    1|          0|
    |ap_predicate_pred2638_state4          |   1|   0|    1|          0|
    |ap_predicate_pred2642_state4          |   1|   0|    1|          0|
    |ap_predicate_pred2646_state4          |   1|   0|    1|          0|
    |ap_predicate_pred2650_state4          |   1|   0|    1|          0|
    |ap_predicate_pred2654_state4          |   1|   0|    1|          0|
    |ap_predicate_pred2658_state4          |   1|   0|    1|          0|
    |ap_predicate_pred2662_state4          |   1|   0|    1|          0|
    |ap_predicate_pred2666_state4          |   1|   0|    1|          0|
    |ap_predicate_pred2670_state4          |   1|   0|    1|          0|
    |ap_predicate_pred2674_state4          |   1|   0|    1|          0|
    |ap_predicate_pred2678_state4          |   1|   0|    1|          0|
    |ap_predicate_pred2682_state4          |   1|   0|    1|          0|
    |ap_predicate_pred2686_state4          |   1|   0|    1|          0|
    |ap_predicate_pred2690_state4          |   1|   0|    1|          0|
    |ap_predicate_pred2694_state4          |   1|   0|    1|          0|
    |ap_predicate_pred2698_state4          |   1|   0|    1|          0|
    |ap_predicate_pred2702_state4          |   1|   0|    1|          0|
    |ap_predicate_pred2706_state4          |   1|   0|    1|          0|
    |ap_predicate_pred2710_state4          |   1|   0|    1|          0|
    |ap_predicate_pred2714_state4          |   1|   0|    1|          0|
    |ap_predicate_pred2718_state4          |   1|   0|    1|          0|
    |ap_predicate_pred2722_state4          |   1|   0|    1|          0|
    |ap_predicate_pred2726_state4          |   1|   0|    1|          0|
    |ap_predicate_pred2730_state4          |   1|   0|    1|          0|
    |ap_predicate_pred2800_state10         |   1|   0|    1|          0|
    |ap_predicate_pred2806_state10         |   1|   0|    1|          0|
    |ap_predicate_pred2811_state10         |   1|   0|    1|          0|
    |ap_predicate_pred2816_state10         |   1|   0|    1|          0|
    |ap_predicate_pred2821_state10         |   1|   0|    1|          0|
    |ap_predicate_pred2826_state10         |   1|   0|    1|          0|
    |ap_predicate_pred2831_state10         |   1|   0|    1|          0|
    |ap_predicate_pred2836_state10         |   1|   0|    1|          0|
    |ap_predicate_pred2841_state10         |   1|   0|    1|          0|
    |ap_predicate_pred2846_state10         |   1|   0|    1|          0|
    |ap_predicate_pred2851_state10         |   1|   0|    1|          0|
    |ap_predicate_pred2856_state10         |   1|   0|    1|          0|
    |ap_predicate_pred2861_state10         |   1|   0|    1|          0|
    |ap_predicate_pred2866_state10         |   1|   0|    1|          0|
    |ap_predicate_pred2871_state10         |   1|   0|    1|          0|
    |ap_predicate_pred2876_state10         |   1|   0|    1|          0|
    |ap_predicate_pred2881_state10         |   1|   0|    1|          0|
    |ap_predicate_pred2886_state10         |   1|   0|    1|          0|
    |ap_predicate_pred2891_state10         |   1|   0|    1|          0|
    |ap_predicate_pred2896_state10         |   1|   0|    1|          0|
    |ap_predicate_pred2901_state10         |   1|   0|    1|          0|
    |ap_predicate_pred2906_state10         |   1|   0|    1|          0|
    |ap_predicate_pred2911_state10         |   1|   0|    1|          0|
    |ap_predicate_pred2960_state10         |   1|   0|    1|          0|
    |icmp_ln6_reg_19916                    |   1|   0|    1|          0|
    |icmp_ln7_reg_19922                    |   1|   0|    1|          0|
    |j_1_reg_16112                         |   5|   0|    5|          0|
    |j_fu_1216                             |   5|   0|    5|          0|
    |p_10_reg_19742                        |  28|   0|   28|          0|
    |p_11_reg_19342                        |  28|   0|   28|          0|
    |p_12_reg_19353                        |  28|   0|   28|          0|
    |p_14_reg_19375                        |  28|   0|   28|          0|
    |p_15_reg_19386                        |  28|   0|   28|          0|
    |p_16_reg_19397                        |  28|   0|   28|          0|
    |p_17_reg_19408                        |  28|   0|   28|          0|
    |p_19_reg_19430                        |  27|   0|   27|          0|
    |p_1_reg_19654                         |  28|   0|   28|          0|
    |p_20_reg_19441                        |  28|   0|   28|          0|
    |p_22_reg_19463                        |  28|   0|   28|          0|
    |p_23_reg_19474                        |  28|   0|   28|          0|
    |p_24_reg_19485                        |  26|   0|   26|          0|
    |p_25_reg_19496                        |  28|   0|   28|          0|
    |p_29_reg_19540                        |  28|   0|   28|          0|
    |p_2_reg_19665                         |  28|   0|   28|          0|
    |p_30_reg_19551                        |  28|   0|   28|          0|
    |p_34_reg_19577                        |  28|   0|   28|          0|
    |p_35_reg_19588                        |  28|   0|   28|          0|
    |p_37_reg_19610                        |  28|   0|   28|          0|
    |p_38_reg_19621                        |  25|   0|   25|          0|
    |p_39_reg_19632                        |  28|   0|   28|          0|
    |p_4_reg_19687                         |  28|   0|   28|          0|
    |p_5_reg_19698                         |  28|   0|   28|          0|
    |p_6_reg_19709                         |  28|   0|   28|          0|
    |p_7_reg_19720                         |  27|   0|   27|          0|
    |p_9_reg_19326                         |  28|   0|   28|          0|
    |p_reg_19643                           |  28|   0|   28|          0|
    |select_ln37_12_reg_19753              |  15|   0|   15|          0|
    |select_ln37_17_reg_19758              |  15|   0|   15|          0|
    |select_ln37_20_reg_19763              |  14|   0|   14|          0|
    |select_ln37_25_reg_19768              |  13|   0|   13|          0|
    |select_ln37_26_reg_19773              |  15|   0|   15|          0|
    |select_ln37_27_reg_19778              |  13|   0|   13|          0|
    |select_ln37_2_reg_19843               |  15|   0|   15|          0|
    |select_ln37_30_reg_19562              |  12|   0|   12|          0|
    |select_ln37_31_reg_19567              |  15|   0|   15|          0|
    |select_ln37_32_reg_19572              |  14|   0|   14|          0|
    |select_ln37_35_reg_19783              |  14|   0|   14|          0|
    |select_ln37_7_reg_19848               |  15|   0|   15|          0|
    |sext_ln35_10_reg_15962                |  28|   0|   28|          0|
    |sext_ln35_11_reg_15967                |  28|   0|   28|          0|
    |sext_ln35_12_reg_15972                |  28|   0|   28|          0|
    |sext_ln35_13_reg_15977                |  28|   0|   28|          0|
    |sext_ln35_14_reg_15982                |  28|   0|   28|          0|
    |sext_ln35_15_reg_15987                |  28|   0|   28|          0|
    |sext_ln35_16_reg_15992                |  28|   0|   28|          0|
    |sext_ln35_17_reg_15997                |  28|   0|   28|          0|
    |sext_ln35_18_reg_16002                |  28|   0|   28|          0|
    |sext_ln35_19_reg_16007                |  27|   0|   27|          0|
    |sext_ln35_1_reg_15917                 |  28|   0|   28|          0|
    |sext_ln35_20_reg_16012                |  28|   0|   28|          0|
    |sext_ln35_21_reg_16017                |  27|   0|   27|          0|
    |sext_ln35_22_reg_16022                |  28|   0|   28|          0|
    |sext_ln35_23_reg_16027                |  28|   0|   28|          0|
    |sext_ln35_24_reg_16032                |  26|   0|   26|          0|
    |sext_ln35_25_reg_16037                |  28|   0|   28|          0|
    |sext_ln35_26_reg_16042                |  26|   0|   26|          0|
    |sext_ln35_27_reg_16047                |  28|   0|   28|          0|
    |sext_ln35_28_reg_16052                |  26|   0|   26|          0|
    |sext_ln35_29_reg_16057                |  28|   0|   28|          0|
    |sext_ln35_2_reg_15922                 |  28|   0|   28|          0|
    |sext_ln35_30_reg_16062                |  28|   0|   28|          0|
    |sext_ln35_31_reg_16067                |  25|   0|   25|          0|
    |sext_ln35_32_reg_16072                |  28|   0|   28|          0|
    |sext_ln35_33_reg_16077                |  27|   0|   27|          0|
    |sext_ln35_34_reg_16082                |  28|   0|   28|          0|
    |sext_ln35_35_reg_16087                |  28|   0|   28|          0|
    |sext_ln35_36_reg_16092                |  27|   0|   27|          0|
    |sext_ln35_37_reg_16097                |  28|   0|   28|          0|
    |sext_ln35_38_reg_16102                |  25|   0|   25|          0|
    |sext_ln35_3_reg_15927                 |  28|   0|   28|          0|
    |sext_ln35_4_reg_15932                 |  28|   0|   28|          0|
    |sext_ln35_5_reg_15937                 |  28|   0|   28|          0|
    |sext_ln35_6_reg_15942                 |  28|   0|   28|          0|
    |sext_ln35_7_reg_15947                 |  27|   0|   27|          0|
    |sext_ln35_8_reg_15952                 |  28|   0|   28|          0|
    |sext_ln35_9_reg_15957                 |  28|   0|   28|          0|
    |sext_ln35_reg_15912                   |  28|   0|   28|          0|
    |sext_ln97_reg_16107                   |  28|   0|   28|          0|
    |tmp_10_reg_16453                      |   2|   0|    2|          0|
    |tmp_11_reg_19682                      |   1|   0|    1|          0|
    |tmp_15_reg_16248                      |   3|   0|    3|          0|
    |tmp_15_reg_16248_pp0_iter2_reg        |   3|   0|    3|          0|
    |tmp_19_reg_19737                      |   1|   0|    1|          0|
    |tmp_23_reg_16253                      |   4|   0|    4|          0|
    |tmp_26_reg_16258                      |   4|   0|    4|          0|
    |tmp_27_reg_19370                      |   1|   0|    1|          0|
    |tmp_29_reg_16263                      |   4|   0|    4|          0|
    |tmp_32_reg_16268                      |   4|   0|    4|          0|
    |tmp_34_reg_16273                      |   4|   0|    4|          0|
    |tmp_35_reg_19425                      |   1|   0|    1|          0|
    |tmp_37_reg_16278                      |   4|   0|    4|          0|
    |tmp_39_reg_19458                      |   1|   0|    1|          0|
    |tmp_40_reg_16283                      |   5|   0|    5|          0|
    |tmp_42_reg_16288                      |   5|   0|    5|          0|
    |tmp_45_reg_16293                      |   5|   0|    5|          0|
    |tmp_47_reg_19513                      |   1|   0|    1|          0|
    |tmp_48_reg_16298                      |   5|   0|    5|          0|
    |tmp_49_reg_19524                      |   1|   0|    1|          0|
    |tmp_50_reg_19535                      |   1|   0|    1|          0|
    |tmp_51_reg_16303                      |   5|   0|    5|          0|
    |tmp_53_reg_16308                      |   5|   0|    5|          0|
    |tmp_55_reg_19224                      |   1|   0|    1|          0|
    |tmp_56_reg_16223                      |   5|   0|    5|          0|
    |tmp_57_reg_19235                      |   1|   0|    1|          0|
    |tmp_58_reg_19246                      |   1|   0|    1|          0|
    |tmp_59_reg_16433                      |   5|   0|    5|          0|
    |tmp_61_reg_16438                      |   5|   0|    5|          0|
    |tmp_63_reg_19605                      |   1|   0|    1|          0|
    |tmp_64_reg_16443                      |   5|   0|    5|          0|
    |tmp_67_reg_16448                      |   5|   0|    5|          0|
    |trunc_ln103_reg_19900                 |  16|   0|   16|          0|
    |trunc_ln35_10_reg_19747               |  27|   0|   27|          0|
    |trunc_ln35_11_reg_19347               |  27|   0|   27|          0|
    |trunc_ln35_12_reg_19358               |  27|   0|   27|          0|
    |trunc_ln35_13_reg_19364               |  27|   0|   27|          0|
    |trunc_ln35_14_reg_19380               |  27|   0|   27|          0|
    |trunc_ln35_15_reg_19391               |  27|   0|   27|          0|
    |trunc_ln35_16_reg_19402               |  27|   0|   27|          0|
    |trunc_ln35_17_reg_19413               |  27|   0|   27|          0|
    |trunc_ln35_18_reg_19419               |  27|   0|   27|          0|
    |trunc_ln35_19_reg_19435               |  26|   0|   26|          0|
    |trunc_ln35_1_reg_19659                |  27|   0|   27|          0|
    |trunc_ln35_20_reg_19446               |  27|   0|   27|          0|
    |trunc_ln35_21_reg_19452               |  26|   0|   26|          0|
    |trunc_ln35_22_reg_19468               |  27|   0|   27|          0|
    |trunc_ln35_23_reg_19479               |  27|   0|   27|          0|
    |trunc_ln35_24_reg_19490               |  25|   0|   25|          0|
    |trunc_ln35_25_reg_19501               |  27|   0|   27|          0|
    |trunc_ln35_26_reg_19507               |  25|   0|   25|          0|
    |trunc_ln35_27_reg_19518               |  27|   0|   27|          0|
    |trunc_ln35_28_reg_19529               |  25|   0|   25|          0|
    |trunc_ln35_29_reg_19545               |  27|   0|   27|          0|
    |trunc_ln35_2_reg_19670                |  27|   0|   27|          0|
    |trunc_ln35_30_reg_19556               |  27|   0|   27|          0|
    |trunc_ln35_31_reg_19218               |  24|   0|   24|          0|
    |trunc_ln35_32_reg_19229               |  27|   0|   27|          0|
    |trunc_ln35_33_reg_19240               |  26|   0|   26|          0|
    |trunc_ln35_34_reg_19582               |  27|   0|   27|          0|
    |trunc_ln35_35_reg_19593               |  27|   0|   27|          0|
    |trunc_ln35_36_reg_19599               |  26|   0|   26|          0|
    |trunc_ln35_37_reg_19615               |  27|   0|   27|          0|
    |trunc_ln35_38_reg_19626               |  24|   0|   24|          0|
    |trunc_ln35_39_reg_19637               |  27|   0|   27|          0|
    |trunc_ln35_3_reg_19676                |  27|   0|   27|          0|
    |trunc_ln35_4_reg_19692                |  27|   0|   27|          0|
    |trunc_ln35_5_reg_19703                |  27|   0|   27|          0|
    |trunc_ln35_6_reg_19714                |  27|   0|   27|          0|
    |trunc_ln35_7_reg_19725                |  26|   0|   26|          0|
    |trunc_ln35_8_reg_19731                |  27|   0|   27|          0|
    |trunc_ln35_9_reg_19331                |  27|   0|   27|          0|
    |trunc_ln35_reg_19648                  |  27|   0|   27|          0|
    |w_10_reg_19337                        |  12|   0|   12|          0|
    |w_11_reg_19118                        |  12|   0|   12|          0|
    |w_12_reg_19123                        |  12|   0|   12|          0|
    |w_13_reg_19128                        |  12|   0|   12|          0|
    |w_14_reg_19133                        |  12|   0|   12|          0|
    |w_15_reg_19138                        |  12|   0|   12|          0|
    |w_16_reg_19143                        |  12|   0|   12|          0|
    |w_17_reg_19148                        |  12|   0|   12|          0|
    |w_18_reg_19153                        |  12|   0|   12|          0|
    |w_19_reg_19158                        |  11|   0|   11|          0|
    |w_1_reg_19286                         |  12|   0|   12|          0|
    |w_20_reg_19163                        |  12|   0|   12|          0|
    |w_21_reg_19168                        |  11|   0|   11|          0|
    |w_22_reg_19173                        |  12|   0|   12|          0|
    |w_23_reg_19178                        |  12|   0|   12|          0|
    |w_24_reg_19183                        |  10|   0|   10|          0|
    |w_25_reg_19188                        |  12|   0|   12|          0|
    |w_26_reg_19193                        |  10|   0|   10|          0|
    |w_27_reg_19198                        |  12|   0|   12|          0|
    |w_28_reg_19203                        |  10|   0|   10|          0|
    |w_29_reg_19208                        |  12|   0|   12|          0|
    |w_2_reg_19291                         |  12|   0|   12|          0|
    |w_30_reg_19213                        |  12|   0|   12|          0|
    |w_31_reg_17898                        |   9|   0|    9|          0|
    |w_32_reg_17903                        |  12|   0|   12|          0|
    |w_33_reg_17908                        |  11|   0|   11|          0|
    |w_34_reg_19251                        |  12|   0|   12|          0|
    |w_35_reg_19256                        |  12|   0|   12|          0|
    |w_36_reg_19261                        |  11|   0|   11|          0|
    |w_37_reg_19266                        |  12|   0|   12|          0|
    |w_38_reg_19271                        |   9|   0|    9|          0|
    |w_39_reg_19276                        |  12|   0|   12|          0|
    |w_3_reg_19296                         |  12|   0|   12|          0|
    |w_4_reg_19301                         |  12|   0|   12|          0|
    |w_5_reg_19306                         |  12|   0|   12|          0|
    |w_6_reg_19311                         |  12|   0|   12|          0|
    |w_7_reg_19316                         |  11|   0|   11|          0|
    |w_8_reg_19321                         |  12|   0|   12|          0|
    |w_9_reg_18993                         |  12|   0|   12|          0|
    |w_reg_19281                           |  12|   0|   12|          0|
    |zext_ln97_1_reg_16163                 |   5|   0|    8|          3|
    |j_1_reg_16112                         |  64|  32|    5|          0|
    +--------------------------------------+----+----+-----+-----------+
    |Total                                 |4381|  32| 4325|          3|
    +--------------------------------------+----+----+-----+-----------+



================================================================
== Interface
================================================================
* Summary: 
+-------------------+-----+-----+------------+----------------------+--------------+
|     RTL Ports     | Dir | Bits|  Protocol  |     Source Object    |    C Type    |
+-------------------+-----+-----+------------+----------------------+--------------+
|ap_clk             |   in|    1|  ap_ctrl_hs|  dense_40x24_relu_int|  return value|
|ap_rst             |   in|    1|  ap_ctrl_hs|  dense_40x24_relu_int|  return value|
|ap_start           |   in|    1|  ap_ctrl_hs|  dense_40x24_relu_int|  return value|
|ap_done            |  out|    1|  ap_ctrl_hs|  dense_40x24_relu_int|  return value|
|ap_idle            |  out|    1|  ap_ctrl_hs|  dense_40x24_relu_int|  return value|
|ap_ready           |  out|    1|  ap_ctrl_hs|  dense_40x24_relu_int|  return value|
|in_q12_0_val       |   in|   16|     ap_none|          in_q12_0_val|        scalar|
|in_q12_1_val       |   in|   16|     ap_none|          in_q12_1_val|        scalar|
|in_q12_2_val       |   in|   16|     ap_none|          in_q12_2_val|        scalar|
|in_q12_3_val       |   in|   16|     ap_none|          in_q12_3_val|        scalar|
|in_q12_4_val       |   in|   16|     ap_none|          in_q12_4_val|        scalar|
|in_q12_5_val       |   in|   16|     ap_none|          in_q12_5_val|        scalar|
|in_q12_6_val       |   in|   16|     ap_none|          in_q12_6_val|        scalar|
|in_q12_7_val       |   in|   16|     ap_none|          in_q12_7_val|        scalar|
|in_q12_8_val       |   in|   16|     ap_none|          in_q12_8_val|        scalar|
|in_q12_9_val       |   in|   16|     ap_none|          in_q12_9_val|        scalar|
|in_q12_10_val      |   in|   16|     ap_none|         in_q12_10_val|        scalar|
|in_q12_11_val      |   in|   16|     ap_none|         in_q12_11_val|        scalar|
|in_q12_12_val      |   in|   16|     ap_none|         in_q12_12_val|        scalar|
|in_q12_13_val      |   in|   16|     ap_none|         in_q12_13_val|        scalar|
|in_q12_14_val      |   in|   16|     ap_none|         in_q12_14_val|        scalar|
|in_q12_15_val      |   in|   16|     ap_none|         in_q12_15_val|        scalar|
|in_q12_16_val      |   in|   16|     ap_none|         in_q12_16_val|        scalar|
|in_q12_17_val      |   in|   16|     ap_none|         in_q12_17_val|        scalar|
|in_q12_18_val      |   in|   16|     ap_none|         in_q12_18_val|        scalar|
|in_q12_19_val      |   in|   16|     ap_none|         in_q12_19_val|        scalar|
|in_q12_20_val      |   in|   16|     ap_none|         in_q12_20_val|        scalar|
|in_q12_21_val      |   in|   16|     ap_none|         in_q12_21_val|        scalar|
|in_q12_22_val      |   in|   16|     ap_none|         in_q12_22_val|        scalar|
|in_q12_23_val      |   in|   16|     ap_none|         in_q12_23_val|        scalar|
|in_q12_24_val      |   in|   16|     ap_none|         in_q12_24_val|        scalar|
|in_q12_25_val      |   in|   16|     ap_none|         in_q12_25_val|        scalar|
|in_q12_26_val      |   in|   16|     ap_none|         in_q12_26_val|        scalar|
|in_q12_27_val      |   in|   16|     ap_none|         in_q12_27_val|        scalar|
|in_q12_28_val      |   in|   16|     ap_none|         in_q12_28_val|        scalar|
|in_q12_29_val      |   in|   16|     ap_none|         in_q12_29_val|        scalar|
|in_q12_30_val      |   in|   16|     ap_none|         in_q12_30_val|        scalar|
|in_q12_31_val      |   in|   16|     ap_none|         in_q12_31_val|        scalar|
|in_q12_32_val      |   in|   16|     ap_none|         in_q12_32_val|        scalar|
|in_q12_33_val      |   in|   16|     ap_none|         in_q12_33_val|        scalar|
|in_q12_34_val      |   in|   16|     ap_none|         in_q12_34_val|        scalar|
|in_q12_35_val      |   in|   16|     ap_none|         in_q12_35_val|        scalar|
|in_q12_36_val      |   in|   16|     ap_none|         in_q12_36_val|        scalar|
|in_q12_37_val      |   in|   16|     ap_none|         in_q12_37_val|        scalar|
|in_q12_38_val      |   in|   16|     ap_none|         in_q12_38_val|        scalar|
|in_q12_39_val      |   in|   16|     ap_none|         in_q12_39_val|        scalar|
|out_q12_0          |  out|   15|      ap_vld|             out_q12_0|       pointer|
|out_q12_0_ap_vld   |  out|    1|      ap_vld|             out_q12_0|       pointer|
|out_q12_1          |  out|   15|      ap_vld|             out_q12_1|       pointer|
|out_q12_1_ap_vld   |  out|    1|      ap_vld|             out_q12_1|       pointer|
|out_q12_2          |  out|   15|      ap_vld|             out_q12_2|       pointer|
|out_q12_2_ap_vld   |  out|    1|      ap_vld|             out_q12_2|       pointer|
|out_q12_3          |  out|   15|      ap_vld|             out_q12_3|       pointer|
|out_q12_3_ap_vld   |  out|    1|      ap_vld|             out_q12_3|       pointer|
|out_q12_4          |  out|   15|      ap_vld|             out_q12_4|       pointer|
|out_q12_4_ap_vld   |  out|    1|      ap_vld|             out_q12_4|       pointer|
|out_q12_5          |  out|   15|      ap_vld|             out_q12_5|       pointer|
|out_q12_5_ap_vld   |  out|    1|      ap_vld|             out_q12_5|       pointer|
|out_q12_6          |  out|   15|      ap_vld|             out_q12_6|       pointer|
|out_q12_6_ap_vld   |  out|    1|      ap_vld|             out_q12_6|       pointer|
|out_q12_7          |  out|   15|      ap_vld|             out_q12_7|       pointer|
|out_q12_7_ap_vld   |  out|    1|      ap_vld|             out_q12_7|       pointer|
|out_q12_8          |  out|   15|      ap_vld|             out_q12_8|       pointer|
|out_q12_8_ap_vld   |  out|    1|      ap_vld|             out_q12_8|       pointer|
|out_q12_9          |  out|   15|      ap_vld|             out_q12_9|       pointer|
|out_q12_9_ap_vld   |  out|    1|      ap_vld|             out_q12_9|       pointer|
|out_q12_10         |  out|   15|      ap_vld|            out_q12_10|       pointer|
|out_q12_10_ap_vld  |  out|    1|      ap_vld|            out_q12_10|       pointer|
|out_q12_11         |  out|   15|      ap_vld|            out_q12_11|       pointer|
|out_q12_11_ap_vld  |  out|    1|      ap_vld|            out_q12_11|       pointer|
|out_q12_12         |  out|   15|      ap_vld|            out_q12_12|       pointer|
|out_q12_12_ap_vld  |  out|    1|      ap_vld|            out_q12_12|       pointer|
|out_q12_13         |  out|   15|      ap_vld|            out_q12_13|       pointer|
|out_q12_13_ap_vld  |  out|    1|      ap_vld|            out_q12_13|       pointer|
|out_q12_14         |  out|   15|      ap_vld|            out_q12_14|       pointer|
|out_q12_14_ap_vld  |  out|    1|      ap_vld|            out_q12_14|       pointer|
|out_q12_15         |  out|   15|      ap_vld|            out_q12_15|       pointer|
|out_q12_15_ap_vld  |  out|    1|      ap_vld|            out_q12_15|       pointer|
|out_q12_16         |  out|   15|      ap_vld|            out_q12_16|       pointer|
|out_q12_16_ap_vld  |  out|    1|      ap_vld|            out_q12_16|       pointer|
|out_q12_17         |  out|   15|      ap_vld|            out_q12_17|       pointer|
|out_q12_17_ap_vld  |  out|    1|      ap_vld|            out_q12_17|       pointer|
|out_q12_18         |  out|   15|      ap_vld|            out_q12_18|       pointer|
|out_q12_18_ap_vld  |  out|    1|      ap_vld|            out_q12_18|       pointer|
|out_q12_19         |  out|   15|      ap_vld|            out_q12_19|       pointer|
|out_q12_19_ap_vld  |  out|    1|      ap_vld|            out_q12_19|       pointer|
|out_q12_20         |  out|   15|      ap_vld|            out_q12_20|       pointer|
|out_q12_20_ap_vld  |  out|    1|      ap_vld|            out_q12_20|       pointer|
|out_q12_21         |  out|   15|      ap_vld|            out_q12_21|       pointer|
|out_q12_21_ap_vld  |  out|    1|      ap_vld|            out_q12_21|       pointer|
|out_q12_22         |  out|   15|      ap_vld|            out_q12_22|       pointer|
|out_q12_22_ap_vld  |  out|    1|      ap_vld|            out_q12_22|       pointer|
|out_q12_23         |  out|   15|      ap_vld|            out_q12_23|       pointer|
|out_q12_23_ap_vld  |  out|    1|      ap_vld|            out_q12_23|       pointer|
+-------------------+-----+-----+------------+----------------------+--------------+

