

================================================================
== Vitis HLS Report for 'ecg_fpga_top'
================================================================
* Date:           Thu Jul  2 16:39:33 2026

* Version:        2025.2 (Build 6295257 on Nov 12 2025)
* Project:        ecg_fpga_top
* Solution:       hls (Vivado IP Flow Target)
* Product family: zynq
* Target device:  xc7z020-clg400-1


================================================================
== Performance Estimates
================================================================
+ Timing: 
    * Summary: 
    +--------+----------+----------+------------+
    |  Clock |  Target  | Estimated| Uncertainty|
    +--------+----------+----------+------------+
    |ap_clk  |  10.00 ns|  7.300 ns|     2.70 ns|
    +--------+----------+----------+------------+

+ Latency: 
    * Summary: 
    +---------+---------+----------+----------+-----+-----+---------+
    |  Latency (cycles) |  Latency (absolute) |  Interval | Pipeline|
    |   min   |   max   |    min   |    max   | min | max |   Type  |
    +---------+---------+----------+----------+-----+-----+---------+
    |      739|      739|  7.390 us|  7.390 us|  740|  740|       no|
    +---------+---------+----------+----------+-----+-----+---------+

    + Detail: 
        * Instance: 
        +------------------------------------------------------------------+-------------------------------------------------------+---------+---------+-----------+-----------+-----+-----+-------------------+
        |                                                                  |                                                       |  Latency (cycles) |   Latency (absolute)  |  Interval |      Pipeline     |
        |                             Instance                             |                         Module                        |   min   |   max   |    min    |    max    | min | max |        Type       |
        +------------------------------------------------------------------+-------------------------------------------------------+---------+---------+-----------+-----------+-----+-----+-------------------+
        |grp_ecg_fpga_top_Pipeline_VITIS_LOOP_29_1_fu_547                  |ecg_fpga_top_Pipeline_VITIS_LOOP_29_1                  |      323|      323|   3.230 us|   3.230 us|    0|    0|  loop pipeline stp|
        |grp_ecg_fpga_top_Pipeline_VITIS_LOOP_52_1_VITIS_LOOP_62_2_fu_556  |ecg_fpga_top_Pipeline_VITIS_LOOP_52_1_VITIS_LOOP_62_2  |      330|      330|   3.300 us|   3.300 us|    0|    0|  loop pipeline stp|
        |grp_dense_40x24_relu_int_fu_602                                   |dense_40x24_relu_int                                   |       34|       34|   0.340 us|   0.340 us|    0|    0|  loop pipeline stp|
        |grp_dense_24x5_linear_int_fu_752                                  |dense_24x5_linear_int                                  |       13|       13|   0.130 us|   0.130 us|    0|    0|  loop pipeline stp|
        |grp_ecg_fpga_top_Pipeline_VITIS_LOOP_137_1_fu_803                 |ecg_fpga_top_Pipeline_VITIS_LOOP_137_1                 |        6|        6|  60.000 ns|  60.000 ns|    0|    0|  loop pipeline stp|
        |grp_ecg_fpga_top_Pipeline_VITIS_LOOP_51_2_fu_813                  |ecg_fpga_top_Pipeline_VITIS_LOOP_51_2                  |        7|        7|  70.000 ns|  70.000 ns|    0|    0|  loop pipeline stp|
        +------------------------------------------------------------------+-------------------------------------------------------+---------+---------+-----------+-----------+-----+-----+-------------------+

        * Loop: 
        N/A



================================================================
== Utilization Estimates
================================================================
* Summary: 
+-----------------+---------+-----+--------+-------+-----+
|       Name      | BRAM_18K| DSP |   FF   |  LUT  | URAM|
+-----------------+---------+-----+--------+-------+-----+
|DSP              |        -|    -|       -|      -|    -|
|Expression       |        -|    -|       0|      4|    -|
|FIFO             |        -|    -|       -|      -|    -|
|Instance         |        2|   91|   12527|  23779|    -|
|Memory           |        3|    -|       0|      0|    0|
|Multiplexer      |        -|    -|       0|    396|    -|
|Register         |        -|    -|     663|      -|    -|
+-----------------+---------+-----+--------+-------+-----+
|Total            |        5|   91|   13190|  24179|    0|
+-----------------+---------+-----+--------+-------+-----+
|Available        |      280|  220|  106400|  53200|    0|
+-----------------+---------+-----+--------+-------+-----+
|Utilization (%)  |        1|   41|      12|     45|    0|
+-----------------+---------+-----+--------+-------+-----+

+ Detail: 
    * Instance: 
    +------------------------------------------------------------------+-------------------------------------------------------+---------+----+------+-------+-----+
    |                             Instance                             |                         Module                        | BRAM_18K| DSP|  FF  |  LUT  | URAM|
    +------------------------------------------------------------------+-------------------------------------------------------+---------+----+------+-------+-----+
    |CTRL_s_axi_U                                                      |CTRL_s_axi                                             |        0|   0|   246|    424|    0|
    |grp_dense_24x5_linear_int_fu_752                                  |dense_24x5_linear_int                                  |        0|  24|  2211|   4820|    0|
    |grp_dense_40x24_relu_int_fu_602                                   |dense_40x24_relu_int                                   |        0|  59|  5620|  13614|    0|
    |grp_ecg_fpga_top_Pipeline_VITIS_LOOP_137_1_fu_803                 |ecg_fpga_top_Pipeline_VITIS_LOOP_137_1                 |        0|   0|    73|    169|    0|
    |grp_ecg_fpga_top_Pipeline_VITIS_LOOP_29_1_fu_547                  |ecg_fpga_top_Pipeline_VITIS_LOOP_29_1                  |        0|   0|    49|     77|    0|
    |grp_ecg_fpga_top_Pipeline_VITIS_LOOP_51_2_fu_813                  |ecg_fpga_top_Pipeline_VITIS_LOOP_51_2                  |        0|   0|    22|     96|    0|
    |grp_ecg_fpga_top_Pipeline_VITIS_LOOP_52_1_VITIS_LOOP_62_2_fu_556  |ecg_fpga_top_Pipeline_VITIS_LOOP_52_1_VITIS_LOOP_62_2  |        0|   8|  2363|   2415|    0|
    |gmem0_m_axi_U                                                     |gmem0_m_axi                                            |        2|   0|   696|    754|    0|
    |gmem1_m_axi_U                                                     |gmem1_m_axi                                            |        0|   0|   611|    665|    0|
    |gmem2_m_axi_U                                                     |gmem2_m_axi                                            |        0|   0|   636|    745|    0|
    +------------------------------------------------------------------+-------------------------------------------------------+---------+----+------+-------+-----+
    |Total                                                             |                                                       |        2|  91| 12527|  23779|    0|
    +------------------------------------------------------------------+-------------------------------------------------------+---------+----+------+-------+-----+

    * DSP: 
    N/A

    * Memory: 
    +----------------+-------------------------------+---------+---+----+-----+------+-----+------+-------------+
    |     Memory     |             Module            | BRAM_18K| FF| LUT| URAM| Words| Bits| Banks| W*Bits*Banks|
    +----------------+-------------------------------+---------+---+----+-----+------+-----+------+-------------+
    |beat_local_1_U  |beat_local_1_RAM_AUTO_1R1W     |        1|  0|   0|    0|   160|   16|     1|         2560|
    |beat_local_U    |beat_local_RAM_1WNR_AUTO_1R1W  |        2|  0|   0|    0|   160|   16|     1|         2560|
    +----------------+-------------------------------+---------+---+----+-----+------+-----+------+-------------+
    |Total           |                               |        3|  0|   0|    0|   320|   32|     2|         5120|
    +----------------+-------------------------------+---------+---+----+-----+------+-----+------+-------------+

    * FIFO: 
    N/A

    * Expression: 
    +---------------------+----------+----+---+----+------------+------------+
    |    Variable Name    | Operation| DSP| FF| LUT| Bitwidth P0| Bitwidth P1|
    +---------------------+----------+----+---+----+------------+------------+
    |ap_block_state20_io  |        or|   0|  0|   2|           1|           1|
    |ap_block_state27     |        or|   0|  0|   2|           1|           1|
    +---------------------+----------+----+---+----+------------+------------+
    |Total                |          |   0|  0|   4|           2|           2|
    +---------------------+----------+----+---+----+------------+------------+

    * Multiplexer: 
    +-----------------------+-----+-----------+-----+-----------+
    |          Name         | LUT | Input Size| Bits| Total Bits|
    +-----------------------+-----+-----------+-----+-----------+
    |ap_NS_fsm              |  125|         28|    1|         28|
    |beat_local_1_address0  |   14|          3|    8|         24|
    |beat_local_1_ce0       |   14|          3|    1|          3|
    |beat_local_1_ce1       |    9|          2|    1|          2|
    |beat_local_1_we0       |    9|          2|    1|          2|
    |beat_local_address0    |   14|          3|    8|         24|
    |beat_local_ce0         |   14|          3|    1|          3|
    |beat_local_ce1         |    9|          2|    1|          2|
    |beat_local_ce2         |    9|          2|    1|          2|
    |beat_local_we0         |    9|          2|    1|          2|
    |gmem0_0_ARADDR         |   14|          3|   64|        192|
    |gmem0_0_ARLEN          |   14|          3|   32|         96|
    |gmem0_0_ARVALID        |   14|          3|    1|          3|
    |gmem0_0_RREADY         |    9|          2|    1|          2|
    |gmem0_blk_n_AR         |    9|          2|    1|          2|
    |gmem1_blk_n_AW         |    9|          2|    1|          2|
    |gmem1_blk_n_B          |    9|          2|    1|          2|
    |gmem1_blk_n_W          |    9|          2|    1|          2|
    |gmem2_0_AWADDR         |   14|          3|   64|        192|
    |gmem2_0_AWLEN          |   14|          3|   32|         96|
    |gmem2_0_AWVALID        |   14|          3|    1|          3|
    |gmem2_0_BREADY         |   14|          3|    1|          3|
    |gmem2_0_WVALID         |    9|          2|    1|          2|
    |gmem2_blk_n_AW         |    9|          2|    1|          2|
    |gmem2_blk_n_B          |    9|          2|    1|          2|
    +-----------------------+-----+-----------+-----+-----------+
    |Total                  |  396|         87|  227|        693|
    +-----------------------+-----+-----------+-----+-----------+

    * Register: 
    +-------------------------------------------------------------------------------+----+----+-----+-----------+
    |                                      Name                                     | FF | LUT| Bits| Const Bits|
    +-------------------------------------------------------------------------------+----+----+-----+-----------+
    |ap_CS_fsm                                                                      |  27|   0|   27|          0|
    |gmem1_addr_reg_1591                                                            |  64|   0|   64|          0|
    |grp_dense_24x5_linear_int_fu_752_ap_start_reg                                  |   1|   0|    1|          0|
    |grp_dense_40x24_relu_int_fu_602_ap_start_reg                                   |   1|   0|    1|          0|
    |grp_ecg_fpga_top_Pipeline_VITIS_LOOP_137_1_fu_803_ap_start_reg                 |   1|   0|    1|          0|
    |grp_ecg_fpga_top_Pipeline_VITIS_LOOP_29_1_fu_547_ap_start_reg                  |   1|   0|    1|          0|
    |grp_ecg_fpga_top_Pipeline_VITIS_LOOP_51_2_fu_813_ap_start_reg                  |   1|   0|    1|          0|
    |grp_ecg_fpga_top_Pipeline_VITIS_LOOP_52_1_VITIS_LOOP_62_2_fu_556_ap_start_reg  |   1|   0|    1|          0|
    |hidden_q12_10_fu_414                                                           |  15|   0|   15|          0|
    |hidden_q12_11_fu_418                                                           |  15|   0|   15|          0|
    |hidden_q12_12_fu_422                                                           |  15|   0|   15|          0|
    |hidden_q12_13_fu_426                                                           |  15|   0|   15|          0|
    |hidden_q12_14_fu_430                                                           |  15|   0|   15|          0|
    |hidden_q12_15_fu_434                                                           |  15|   0|   15|          0|
    |hidden_q12_16_fu_438                                                           |  15|   0|   15|          0|
    |hidden_q12_17_fu_442                                                           |  15|   0|   15|          0|
    |hidden_q12_18_fu_446                                                           |  15|   0|   15|          0|
    |hidden_q12_19_fu_450                                                           |  15|   0|   15|          0|
    |hidden_q12_1_fu_378                                                            |  15|   0|   15|          0|
    |hidden_q12_20_fu_454                                                           |  15|   0|   15|          0|
    |hidden_q12_21_fu_458                                                           |  15|   0|   15|          0|
    |hidden_q12_22_fu_462                                                           |  15|   0|   15|          0|
    |hidden_q12_23_fu_466                                                           |  15|   0|   15|          0|
    |hidden_q12_2_fu_382                                                            |  15|   0|   15|          0|
    |hidden_q12_3_fu_386                                                            |  15|   0|   15|          0|
    |hidden_q12_4_fu_390                                                            |  15|   0|   15|          0|
    |hidden_q12_5_fu_394                                                            |  15|   0|   15|          0|
    |hidden_q12_6_fu_398                                                            |  15|   0|   15|          0|
    |hidden_q12_7_fu_402                                                            |  15|   0|   15|          0|
    |hidden_q12_8_fu_406                                                            |  15|   0|   15|          0|
    |hidden_q12_9_fu_410                                                            |  15|   0|   15|          0|
    |hidden_q12_fu_374                                                              |  15|   0|   15|          0|
    |score_q12_1_fu_474                                                             |  16|   0|   16|          0|
    |score_q12_2_fu_478                                                             |  16|   0|   16|          0|
    |score_q12_3_fu_482                                                             |  16|   0|   16|          0|
    |score_q12_4_fu_486                                                             |  16|   0|   16|          0|
    |score_q12_fu_470                                                               |  16|   0|   16|          0|
    |trunc_ln6_reg_1598                                                             |  63|   0|   63|          0|
    |trunc_ln_reg_1585                                                              |  63|   0|   63|          0|
    +-------------------------------------------------------------------------------+----+----+-----+-----------+
    |Total                                                                          | 663|   0|  663|          0|
    +-------------------------------------------------------------------------------+----+----+-----+-----------+



================================================================
== Interface
================================================================
* Summary: 
+----------------------+-----+-----+------------+--------------+--------------+
|       RTL Ports      | Dir | Bits|  Protocol  | Source Object|    C Type    |
+----------------------+-----+-----+------------+--------------+--------------+
|s_axi_CTRL_AWVALID    |   in|    1|       s_axi|          CTRL|        scalar|
|s_axi_CTRL_AWREADY    |  out|    1|       s_axi|          CTRL|        scalar|
|s_axi_CTRL_AWADDR     |   in|    6|       s_axi|          CTRL|        scalar|
|s_axi_CTRL_WVALID     |   in|    1|       s_axi|          CTRL|        scalar|
|s_axi_CTRL_WREADY     |  out|    1|       s_axi|          CTRL|        scalar|
|s_axi_CTRL_WDATA      |   in|   32|       s_axi|          CTRL|        scalar|
|s_axi_CTRL_WSTRB      |   in|    4|       s_axi|          CTRL|        scalar|
|s_axi_CTRL_ARVALID    |   in|    1|       s_axi|          CTRL|        scalar|
|s_axi_CTRL_ARREADY    |  out|    1|       s_axi|          CTRL|        scalar|
|s_axi_CTRL_ARADDR     |   in|    6|       s_axi|          CTRL|        scalar|
|s_axi_CTRL_RVALID     |  out|    1|       s_axi|          CTRL|        scalar|
|s_axi_CTRL_RREADY     |   in|    1|       s_axi|          CTRL|        scalar|
|s_axi_CTRL_RDATA      |  out|   32|       s_axi|          CTRL|        scalar|
|s_axi_CTRL_RRESP      |  out|    2|       s_axi|          CTRL|        scalar|
|s_axi_CTRL_BVALID     |  out|    1|       s_axi|          CTRL|        scalar|
|s_axi_CTRL_BREADY     |   in|    1|       s_axi|          CTRL|        scalar|
|s_axi_CTRL_BRESP      |  out|    2|       s_axi|          CTRL|        scalar|
|ap_clk                |   in|    1|  ap_ctrl_hs|  ecg_fpga_top|  return value|
|ap_rst_n              |   in|    1|  ap_ctrl_hs|  ecg_fpga_top|  return value|
|interrupt             |  out|    1|  ap_ctrl_hs|  ecg_fpga_top|  return value|
|m_axi_gmem0_AWVALID   |  out|    1|       m_axi|         gmem0|       pointer|
|m_axi_gmem0_AWREADY   |   in|    1|       m_axi|         gmem0|       pointer|
|m_axi_gmem0_AWADDR    |  out|   64|       m_axi|         gmem0|       pointer|
|m_axi_gmem0_AWID      |  out|    1|       m_axi|         gmem0|       pointer|
|m_axi_gmem0_AWLEN     |  out|    8|       m_axi|         gmem0|       pointer|
|m_axi_gmem0_AWSIZE    |  out|    3|       m_axi|         gmem0|       pointer|
|m_axi_gmem0_AWBURST   |  out|    2|       m_axi|         gmem0|       pointer|
|m_axi_gmem0_AWLOCK    |  out|    2|       m_axi|         gmem0|       pointer|
|m_axi_gmem0_AWCACHE   |  out|    4|       m_axi|         gmem0|       pointer|
|m_axi_gmem0_AWPROT    |  out|    3|       m_axi|         gmem0|       pointer|
|m_axi_gmem0_AWQOS     |  out|    4|       m_axi|         gmem0|       pointer|
|m_axi_gmem0_AWREGION  |  out|    4|       m_axi|         gmem0|       pointer|
|m_axi_gmem0_AWUSER    |  out|    1|       m_axi|         gmem0|       pointer|
|m_axi_gmem0_WVALID    |  out|    1|       m_axi|         gmem0|       pointer|
|m_axi_gmem0_WREADY    |   in|    1|       m_axi|         gmem0|       pointer|
|m_axi_gmem0_WDATA     |  out|   32|       m_axi|         gmem0|       pointer|
|m_axi_gmem0_WSTRB     |  out|    4|       m_axi|         gmem0|       pointer|
|m_axi_gmem0_WLAST     |  out|    1|       m_axi|         gmem0|       pointer|
|m_axi_gmem0_WID       |  out|    1|       m_axi|         gmem0|       pointer|
|m_axi_gmem0_WUSER     |  out|    1|       m_axi|         gmem0|       pointer|
|m_axi_gmem0_ARVALID   |  out|    1|       m_axi|         gmem0|       pointer|
|m_axi_gmem0_ARREADY   |   in|    1|       m_axi|         gmem0|       pointer|
|m_axi_gmem0_ARADDR    |  out|   64|       m_axi|         gmem0|       pointer|
|m_axi_gmem0_ARID      |  out|    1|       m_axi|         gmem0|       pointer|
|m_axi_gmem0_ARLEN     |  out|    8|       m_axi|         gmem0|       pointer|
|m_axi_gmem0_ARSIZE    |  out|    3|       m_axi|         gmem0|       pointer|
|m_axi_gmem0_ARBURST   |  out|    2|       m_axi|         gmem0|       pointer|
|m_axi_gmem0_ARLOCK    |  out|    2|       m_axi|         gmem0|       pointer|
|m_axi_gmem0_ARCACHE   |  out|    4|       m_axi|         gmem0|       pointer|
|m_axi_gmem0_ARPROT    |  out|    3|       m_axi|         gmem0|       pointer|
|m_axi_gmem0_ARQOS     |  out|    4|       m_axi|         gmem0|       pointer|
|m_axi_gmem0_ARREGION  |  out|    4|       m_axi|         gmem0|       pointer|
|m_axi_gmem0_ARUSER    |  out|    1|       m_axi|         gmem0|       pointer|
|m_axi_gmem0_RVALID    |   in|    1|       m_axi|         gmem0|       pointer|
|m_axi_gmem0_RREADY    |  out|    1|       m_axi|         gmem0|       pointer|
|m_axi_gmem0_RDATA     |   in|   32|       m_axi|         gmem0|       pointer|
|m_axi_gmem0_RLAST     |   in|    1|       m_axi|         gmem0|       pointer|
|m_axi_gmem0_RID       |   in|    1|       m_axi|         gmem0|       pointer|
|m_axi_gmem0_RUSER     |   in|    1|       m_axi|         gmem0|       pointer|
|m_axi_gmem0_RRESP     |   in|    2|       m_axi|         gmem0|       pointer|
|m_axi_gmem0_BVALID    |   in|    1|       m_axi|         gmem0|       pointer|
|m_axi_gmem0_BREADY    |  out|    1|       m_axi|         gmem0|       pointer|
|m_axi_gmem0_BRESP     |   in|    2|       m_axi|         gmem0|       pointer|
|m_axi_gmem0_BID       |   in|    1|       m_axi|         gmem0|       pointer|
|m_axi_gmem0_BUSER     |   in|    1|       m_axi|         gmem0|       pointer|
|m_axi_gmem1_AWVALID   |  out|    1|       m_axi|         gmem1|       pointer|
|m_axi_gmem1_AWREADY   |   in|    1|       m_axi|         gmem1|       pointer|
|m_axi_gmem1_AWADDR    |  out|   64|       m_axi|         gmem1|       pointer|
|m_axi_gmem1_AWID      |  out|    1|       m_axi|         gmem1|       pointer|
|m_axi_gmem1_AWLEN     |  out|    8|       m_axi|         gmem1|       pointer|
|m_axi_gmem1_AWSIZE    |  out|    3|       m_axi|         gmem1|       pointer|
|m_axi_gmem1_AWBURST   |  out|    2|       m_axi|         gmem1|       pointer|
|m_axi_gmem1_AWLOCK    |  out|    2|       m_axi|         gmem1|       pointer|
|m_axi_gmem1_AWCACHE   |  out|    4|       m_axi|         gmem1|       pointer|
|m_axi_gmem1_AWPROT    |  out|    3|       m_axi|         gmem1|       pointer|
|m_axi_gmem1_AWQOS     |  out|    4|       m_axi|         gmem1|       pointer|
|m_axi_gmem1_AWREGION  |  out|    4|       m_axi|         gmem1|       pointer|
|m_axi_gmem1_AWUSER    |  out|    1|       m_axi|         gmem1|       pointer|
|m_axi_gmem1_WVALID    |  out|    1|       m_axi|         gmem1|       pointer|
|m_axi_gmem1_WREADY    |   in|    1|       m_axi|         gmem1|       pointer|
|m_axi_gmem1_WDATA     |  out|   32|       m_axi|         gmem1|       pointer|
|m_axi_gmem1_WSTRB     |  out|    4|       m_axi|         gmem1|       pointer|
|m_axi_gmem1_WLAST     |  out|    1|       m_axi|         gmem1|       pointer|
|m_axi_gmem1_WID       |  out|    1|       m_axi|         gmem1|       pointer|
|m_axi_gmem1_WUSER     |  out|    1|       m_axi|         gmem1|       pointer|
|m_axi_gmem1_ARVALID   |  out|    1|       m_axi|         gmem1|       pointer|
|m_axi_gmem1_ARREADY   |   in|    1|       m_axi|         gmem1|       pointer|
|m_axi_gmem1_ARADDR    |  out|   64|       m_axi|         gmem1|       pointer|
|m_axi_gmem1_ARID      |  out|    1|       m_axi|         gmem1|       pointer|
|m_axi_gmem1_ARLEN     |  out|    8|       m_axi|         gmem1|       pointer|
|m_axi_gmem1_ARSIZE    |  out|    3|       m_axi|         gmem1|       pointer|
|m_axi_gmem1_ARBURST   |  out|    2|       m_axi|         gmem1|       pointer|
|m_axi_gmem1_ARLOCK    |  out|    2|       m_axi|         gmem1|       pointer|
|m_axi_gmem1_ARCACHE   |  out|    4|       m_axi|         gmem1|       pointer|
|m_axi_gmem1_ARPROT    |  out|    3|       m_axi|         gmem1|       pointer|
|m_axi_gmem1_ARQOS     |  out|    4|       m_axi|         gmem1|       pointer|
|m_axi_gmem1_ARREGION  |  out|    4|       m_axi|         gmem1|       pointer|
|m_axi_gmem1_ARUSER    |  out|    1|       m_axi|         gmem1|       pointer|
|m_axi_gmem1_RVALID    |   in|    1|       m_axi|         gmem1|       pointer|
|m_axi_gmem1_RREADY    |  out|    1|       m_axi|         gmem1|       pointer|
|m_axi_gmem1_RDATA     |   in|   32|       m_axi|         gmem1|       pointer|
|m_axi_gmem1_RLAST     |   in|    1|       m_axi|         gmem1|       pointer|
|m_axi_gmem1_RID       |   in|    1|       m_axi|         gmem1|       pointer|
|m_axi_gmem1_RUSER     |   in|    1|       m_axi|         gmem1|       pointer|
|m_axi_gmem1_RRESP     |   in|    2|       m_axi|         gmem1|       pointer|
|m_axi_gmem1_BVALID    |   in|    1|       m_axi|         gmem1|       pointer|
|m_axi_gmem1_BREADY    |  out|    1|       m_axi|         gmem1|       pointer|
|m_axi_gmem1_BRESP     |   in|    2|       m_axi|         gmem1|       pointer|
|m_axi_gmem1_BID       |   in|    1|       m_axi|         gmem1|       pointer|
|m_axi_gmem1_BUSER     |   in|    1|       m_axi|         gmem1|       pointer|
|m_axi_gmem2_AWVALID   |  out|    1|       m_axi|         gmem2|       pointer|
|m_axi_gmem2_AWREADY   |   in|    1|       m_axi|         gmem2|       pointer|
|m_axi_gmem2_AWADDR    |  out|   64|       m_axi|         gmem2|       pointer|
|m_axi_gmem2_AWID      |  out|    1|       m_axi|         gmem2|       pointer|
|m_axi_gmem2_AWLEN     |  out|    8|       m_axi|         gmem2|       pointer|
|m_axi_gmem2_AWSIZE    |  out|    3|       m_axi|         gmem2|       pointer|
|m_axi_gmem2_AWBURST   |  out|    2|       m_axi|         gmem2|       pointer|
|m_axi_gmem2_AWLOCK    |  out|    2|       m_axi|         gmem2|       pointer|
|m_axi_gmem2_AWCACHE   |  out|    4|       m_axi|         gmem2|       pointer|
|m_axi_gmem2_AWPROT    |  out|    3|       m_axi|         gmem2|       pointer|
|m_axi_gmem2_AWQOS     |  out|    4|       m_axi|         gmem2|       pointer|
|m_axi_gmem2_AWREGION  |  out|    4|       m_axi|         gmem2|       pointer|
|m_axi_gmem2_AWUSER    |  out|    1|       m_axi|         gmem2|       pointer|
|m_axi_gmem2_WVALID    |  out|    1|       m_axi|         gmem2|       pointer|
|m_axi_gmem2_WREADY    |   in|    1|       m_axi|         gmem2|       pointer|
|m_axi_gmem2_WDATA     |  out|   32|       m_axi|         gmem2|       pointer|
|m_axi_gmem2_WSTRB     |  out|    4|       m_axi|         gmem2|       pointer|
|m_axi_gmem2_WLAST     |  out|    1|       m_axi|         gmem2|       pointer|
|m_axi_gmem2_WID       |  out|    1|       m_axi|         gmem2|       pointer|
|m_axi_gmem2_WUSER     |  out|    1|       m_axi|         gmem2|       pointer|
|m_axi_gmem2_ARVALID   |  out|    1|       m_axi|         gmem2|       pointer|
|m_axi_gmem2_ARREADY   |   in|    1|       m_axi|         gmem2|       pointer|
|m_axi_gmem2_ARADDR    |  out|   64|       m_axi|         gmem2|       pointer|
|m_axi_gmem2_ARID      |  out|    1|       m_axi|         gmem2|       pointer|
|m_axi_gmem2_ARLEN     |  out|    8|       m_axi|         gmem2|       pointer|
|m_axi_gmem2_ARSIZE    |  out|    3|       m_axi|         gmem2|       pointer|
|m_axi_gmem2_ARBURST   |  out|    2|       m_axi|         gmem2|       pointer|
|m_axi_gmem2_ARLOCK    |  out|    2|       m_axi|         gmem2|       pointer|
|m_axi_gmem2_ARCACHE   |  out|    4|       m_axi|         gmem2|       pointer|
|m_axi_gmem2_ARPROT    |  out|    3|       m_axi|         gmem2|       pointer|
|m_axi_gmem2_ARQOS     |  out|    4|       m_axi|         gmem2|       pointer|
|m_axi_gmem2_ARREGION  |  out|    4|       m_axi|         gmem2|       pointer|
|m_axi_gmem2_ARUSER    |  out|    1|       m_axi|         gmem2|       pointer|
|m_axi_gmem2_RVALID    |   in|    1|       m_axi|         gmem2|       pointer|
|m_axi_gmem2_RREADY    |  out|    1|       m_axi|         gmem2|       pointer|
|m_axi_gmem2_RDATA     |   in|   32|       m_axi|         gmem2|       pointer|
|m_axi_gmem2_RLAST     |   in|    1|       m_axi|         gmem2|       pointer|
|m_axi_gmem2_RID       |   in|    1|       m_axi|         gmem2|       pointer|
|m_axi_gmem2_RUSER     |   in|    1|       m_axi|         gmem2|       pointer|
|m_axi_gmem2_RRESP     |   in|    2|       m_axi|         gmem2|       pointer|
|m_axi_gmem2_BVALID    |   in|    1|       m_axi|         gmem2|       pointer|
|m_axi_gmem2_BREADY    |  out|    1|       m_axi|         gmem2|       pointer|
|m_axi_gmem2_BRESP     |   in|    2|       m_axi|         gmem2|       pointer|
|m_axi_gmem2_BID       |   in|    1|       m_axi|         gmem2|       pointer|
|m_axi_gmem2_BUSER     |   in|    1|       m_axi|         gmem2|       pointer|
+----------------------+-----+-----+------------+--------------+--------------+

